{"/home/pth_ubuntu/lunarcat/epiclogue.back/app.js": {"path":"/home/pth_ubuntu/lunarcat/epiclogue.back/app.js","statementMap":{"0":{"start":{"line":1,"column":18},"end":{"line":1,"column":40}},"1":{"start":{"line":2,"column":14},"end":{"line":2,"column":32}},"2":{"start":{"line":3,"column":11},"end":{"line":3,"column":26}},"3":{"start":{"line":4,"column":19},"end":{"line":4,"column":43}},"4":{"start":{"line":5,"column":13},"end":{"line":5,"column":30}},"5":{"start":{"line":7,"column":13},"end":{"line":7,"column":28}},"6":{"start":{"line":8,"column":15},"end":{"line":8,"column":32}},"7":{"start":{"line":9,"column":17},"end":{"line":9,"column":36}},"8":{"start":{"line":10,"column":21},"end":{"line":10,"column":45}},"9":{"start":{"line":11,"column":18},"end":{"line":11,"column":47}},"10":{"start":{"line":12,"column":14},"end":{"line":12,"column":49}},"11":{"start":{"line":13,"column":18},"end":{"line":13,"column":43}},"12":{"start":{"line":14,"column":18},"end":{"line":14,"column":43}},"13":{"start":{"line":15,"column":20},"end":{"line":15,"column":45}},"14":{"start":{"line":16,"column":20},"end":{"line":16,"column":45}},"15":{"start":{"line":18,"column":10},"end":{"line":18,"column":19}},"16":{"start":{"line":20,"column":0},"end":{"line":20,"column":27}},"17":{"start":{"line":22,"column":26},"end":{"line":31,"column":1}},"18":{"start":{"line":33,"column":16},"end":{"line":38,"column":1}},"19":{"start":{"line":40,"column":20},"end":{"line":40,"column":41}},"20":{"start":{"line":42,"column":0},"end":{"line":42,"column":47}},"21":{"start":{"line":43,"column":0},"end":{"line":43,"column":23}},"22":{"start":{"line":44,"column":0},"end":{"line":44,"column":24}},"23":{"start":{"line":45,"column":0},"end":{"line":45,"column":48}},"24":{"start":{"line":46,"column":0},"end":{"line":46,"column":24}},"25":{"start":{"line":47,"column":0},"end":{"line":47,"column":18}},"26":{"start":{"line":48,"column":0},"end":{"line":48,"column":56}},"27":{"start":{"line":50,"column":0},"end":{"line":50,"column":26}},"28":{"start":{"line":51,"column":0},"end":{"line":51,"column":31}},"29":{"start":{"line":52,"column":0},"end":{"line":52,"column":31}},"30":{"start":{"line":53,"column":0},"end":{"line":53,"column":76}},"31":{"start":{"line":54,"column":0},"end":{"line":54,"column":70}},"32":{"start":{"line":55,"column":0},"end":{"line":55,"column":53}},"33":{"start":{"line":56,"column":0},"end":{"line":56,"column":56}},"34":{"start":{"line":57,"column":0},"end":{"line":57,"column":60}},"35":{"start":{"line":58,"column":0},"end":{"line":58,"column":55}},"36":{"start":{"line":59,"column":0},"end":{"line":59,"column":68}},"37":{"start":{"line":61,"column":0},"end":{"line":63,"column":3}},"38":{"start":{"line":62,"column":2},"end":{"line":62,"column":25}},"39":{"start":{"line":66,"column":0},"end":{"line":74,"column":3}},"40":{"start":{"line":68,"column":2},"end":{"line":68,"column":35}},"41":{"start":{"line":69,"column":2},"end":{"line":69,"column":69}},"42":{"start":{"line":72,"column":2},"end":{"line":72,"column":32}},"43":{"start":{"line":73,"column":2},"end":{"line":73,"column":22}},"44":{"start":{"line":76,"column":0},"end":{"line":76,"column":34}},"45":{"start":{"line":78,"column":0},"end":{"line":80,"column":32}},"46":{"start":{"line":79,"column":14},"end":{"line":79,"column":41}},"47":{"start":{"line":80,"column":14},"end":{"line":80,"column":30}},"48":{"start":{"line":82,"column":0},"end":{"line":82,"column":21}}},"fnMap":{"0":{"name":"(anonymous_0)","decl":{"start":{"line":61,"column":8},"end":{"line":61,"column":9}},"loc":{"start":{"line":61,"column":33},"end":{"line":63,"column":1}},"line":61},"1":{"name":"(anonymous_1)","decl":{"start":{"line":66,"column":8},"end":{"line":66,"column":9}},"loc":{"start":{"line":66,"column":38},"end":{"line":74,"column":1}},"line":66},"2":{"name":"(anonymous_2)","decl":{"start":{"line":79,"column":8},"end":{"line":79,"column":9}},"loc":{"start":{"line":79,"column":14},"end":{"line":79,"column":41}},"line":79},"3":{"name":"(anonymous_3)","decl":{"start":{"line":80,"column":9},"end":{"line":80,"column":10}},"loc":{"start":{"line":80,"column":14},"end":{"line":80,"column":30}},"line":80}},"branchMap":{"0":{"loc":{"start":{"line":69,"column":21},"end":{"line":69,"column":68}},"type":"cond-expr","locations":[{"start":{"line":69,"column":60},"end":{"line":69,"column":63}},{"start":{"line":69,"column":66},"end":{"line":69,"column":68}}],"line":69},"1":{"loc":{"start":{"line":72,"column":13},"end":{"line":72,"column":30}},"type":"binary-expr","locations":[{"start":{"line":72,"column":13},"end":{"line":72,"column":23}},{"start":{"line":72,"column":27},"end":{"line":72,"column":30}}],"line":72}},"s":{"0":1,"1":1,"2":1,"3":1,"4":1,"5":1,"6":1,"7":1,"8":1,"9":1,"10":1,"11":1,"12":1,"13":1,"14":1,"15":1,"16":1,"17":1,"18":1,"19":1,"20":1,"21":1,"22":1,"23":1,"24":1,"25":1,"26":1,"27":1,"28":1,"29":1,"30":1,"31":1,"32":1,"33":1,"34":1,"35":1,"36":1,"37":1,"38":0,"39":1,"40":0,"41":0,"42":0,"43":0,"44":1,"45":1,"46":1,"47":0,"48":1},"f":{"0":0,"1":0,"2":1,"3":0},"b":{"0":[0,0],"1":[0,0]},"_coverageSchema":"1a1c01bbd47fc00a2c39e90264f33305004495a9","hash":"c883199098bc6f915a02bf1ea518531841392710"}
,"/home/pth_ubuntu/lunarcat/epiclogue.back/models/board.js": {"path":"/home/pth_ubuntu/lunarcat/epiclogue.back/models/board.js","statementMap":{"0":{"start":{"line":1,"column":17},"end":{"line":1,"column":36}},"1":{"start":{"line":2,"column":17},"end":{"line":2,"column":34}},"2":{"start":{"line":3,"column":0},"end":{"line":3,"column":37}},"3":{"start":{"line":5,"column":14},"end":{"line":20,"column":2}},"4":{"start":{"line":22,"column":0},"end":{"line":26,"column":1}},"5":{"start":{"line":23,"column":22},"end":{"line":23,"column":36}},"6":{"start":{"line":25,"column":4},"end":{"line":25,"column":28}},"7":{"start":{"line":29,"column":0},"end":{"line":31,"column":1}},"8":{"start":{"line":30,"column":4},"end":{"line":30,"column":49}},"9":{"start":{"line":34,"column":0},"end":{"line":38,"column":2}},"10":{"start":{"line":35,"column":2},"end":{"line":37,"column":5}},"11":{"start":{"line":36,"column":4},"end":{"line":36,"column":16}},"12":{"start":{"line":40,"column":0},"end":{"line":42,"column":1}},"13":{"start":{"line":41,"column":2},"end":{"line":41,"column":56}},"14":{"start":{"line":44,"column":0},"end":{"line":57,"column":2}},"15":{"start":{"line":45,"column":2},"end":{"line":56,"column":4}},"16":{"start":{"line":59,"column":0},"end":{"line":61,"column":1}},"17":{"start":{"line":60,"column":4},"end":{"line":60,"column":44}},"18":{"start":{"line":65,"column":0},"end":{"line":71,"column":2}},"19":{"start":{"line":67,"column":2},"end":{"line":70,"column":4}},"20":{"start":{"line":73,"column":0},"end":{"line":73,"column":48}}},"fnMap":{"0":{"name":"(anonymous_0)","decl":{"start":{"line":22,"column":23},"end":{"line":22,"column":24}},"loc":{"start":{"line":22,"column":39},"end":{"line":26,"column":1}},"line":22},"1":{"name":"(anonymous_1)","decl":{"start":{"line":29,"column":24},"end":{"line":29,"column":25}},"loc":{"start":{"line":29,"column":49},"end":{"line":31,"column":1}},"line":29},"2":{"name":"(anonymous_2)","decl":{"start":{"line":34,"column":35},"end":{"line":34,"column":36}},"loc":{"start":{"line":34,"column":53},"end":{"line":38,"column":1}},"line":34},"3":{"name":"(anonymous_3)","decl":{"start":{"line":35,"column":29},"end":{"line":35,"column":30}},"loc":{"start":{"line":35,"column":44},"end":{"line":37,"column":3}},"line":35},"4":{"name":"(anonymous_4)","decl":{"start":{"line":40,"column":25},"end":{"line":40,"column":26}},"loc":{"start":{"line":40,"column":56},"end":{"line":42,"column":1}},"line":40},"5":{"name":"(anonymous_5)","decl":{"start":{"line":44,"column":23},"end":{"line":44,"column":24}},"loc":{"start":{"line":44,"column":50},"end":{"line":57,"column":1}},"line":44},"6":{"name":"(anonymous_6)","decl":{"start":{"line":59,"column":23},"end":{"line":59,"column":24}},"loc":{"start":{"line":59,"column":43},"end":{"line":61,"column":1}},"line":59},"7":{"name":"(anonymous_7)","decl":{"start":{"line":65,"column":24},"end":{"line":65,"column":25}},"loc":{"start":{"line":65,"column":36},"end":{"line":71,"column":1}},"line":65}},"branchMap":{},"s":{"0":1,"1":1,"2":1,"3":1,"4":1,"5":0,"6":0,"7":1,"8":0,"9":1,"10":0,"11":0,"12":1,"13":0,"14":1,"15":0,"16":1,"17":0,"18":1,"19":0,"20":1},"f":{"0":0,"1":0,"2":0,"3":0,"4":0,"5":0,"6":0,"7":0},"b":{},"_coverageSchema":"1a1c01bbd47fc00a2c39e90264f33305004495a9","hash":"027aae81afb7793fa691f56107f14c4c04a44bb9"}
,"/home/pth_ubuntu/lunarcat/epiclogue.back/models/bookmark.js": {"path":"/home/pth_ubuntu/lunarcat/epiclogue.back/models/bookmark.js","statementMap":{"0":{"start":{"line":1,"column":17},"end":{"line":1,"column":36}},"1":{"start":{"line":2,"column":17},"end":{"line":2,"column":34}},"2":{"start":{"line":3,"column":0},"end":{"line":3,"column":37}},"3":{"start":{"line":5,"column":17},"end":{"line":9,"column":2}},"4":{"start":{"line":11,"column":0},"end":{"line":14,"column":2}},"5":{"start":{"line":12,"column":23},"end":{"line":12,"column":37}},"6":{"start":{"line":13,"column":2},"end":{"line":13,"column":29}},"7":{"start":{"line":16,"column":0},"end":{"line":18,"column":2}},"8":{"start":{"line":17,"column":2},"end":{"line":17,"column":45}},"9":{"start":{"line":21,"column":0},"end":{"line":23,"column":2}},"10":{"start":{"line":22,"column":2},"end":{"line":22,"column":31}},"11":{"start":{"line":25,"column":0},"end":{"line":25,"column":54}}},"fnMap":{"0":{"name":"(anonymous_0)","decl":{"start":{"line":11,"column":26},"end":{"line":11,"column":27}},"loc":{"start":{"line":11,"column":42},"end":{"line":14,"column":1}},"line":11},"1":{"name":"(anonymous_1)","decl":{"start":{"line":16,"column":26},"end":{"line":16,"column":27}},"loc":{"start":{"line":16,"column":53},"end":{"line":18,"column":1}},"line":16},"2":{"name":"(anonymous_2)","decl":{"start":{"line":21,"column":31},"end":{"line":21,"column":32}},"loc":{"start":{"line":21,"column":49},"end":{"line":23,"column":1}},"line":21}},"branchMap":{},"s":{"0":1,"1":1,"2":1,"3":1,"4":1,"5":0,"6":0,"7":1,"8":0,"9":1,"10":0,"11":1},"f":{"0":0,"1":0,"2":0},"b":{},"_coverageSchema":"1a1c01bbd47fc00a2c39e90264f33305004495a9","hash":"c2bb3495bc15f396de652982a29ba1564965a366"}
,"/home/pth_ubuntu/lunarcat/epiclogue.back/models/feedback.js": {"path":"/home/pth_ubuntu/lunarcat/epiclogue.back/models/feedback.js","statementMap":{"0":{"start":{"line":1,"column":17},"end":{"line":1,"column":36}},"1":{"start":{"line":2,"column":17},"end":{"line":2,"column":34}},"2":{"start":{"line":3,"column":0},"end":{"line":3,"column":37}},"3":{"start":{"line":5,"column":17},"end":{"line":13,"column":2}},"4":{"start":{"line":16,"column":0},"end":{"line":19,"column":2}},"5":{"start":{"line":17,"column":23},"end":{"line":17,"column":37}},"6":{"start":{"line":18,"column":2},"end":{"line":18,"column":31}},"7":{"start":{"line":22,"column":0},"end":{"line":24,"column":2}},"8":{"start":{"line":23,"column":2},"end":{"line":23,"column":36}},"9":{"start":{"line":26,"column":0},"end":{"line":28,"column":2}},"10":{"start":{"line":27,"column":2},"end":{"line":27,"column":76}},"11":{"start":{"line":31,"column":0},"end":{"line":33,"column":2}},"12":{"start":{"line":32,"column":2},"end":{"line":32,"column":55}},"13":{"start":{"line":36,"column":0},"end":{"line":45,"column":2}},"14":{"start":{"line":37,"column":2},"end":{"line":44,"column":4}},"15":{"start":{"line":48,"column":0},"end":{"line":50,"column":2}},"16":{"start":{"line":49,"column":2},"end":{"line":49,"column":49}},"17":{"start":{"line":52,"column":0},"end":{"line":54,"column":1}},"18":{"start":{"line":53,"column":2},"end":{"line":53,"column":41}},"19":{"start":{"line":56,"column":0},"end":{"line":58,"column":1}},"20":{"start":{"line":57,"column":2},"end":{"line":57,"column":46}},"21":{"start":{"line":62,"column":0},"end":{"line":62,"column":54}}},"fnMap":{"0":{"name":"(anonymous_0)","decl":{"start":{"line":16,"column":26},"end":{"line":16,"column":27}},"loc":{"start":{"line":16,"column":46},"end":{"line":19,"column":1}},"line":16},"1":{"name":"(anonymous_1)","decl":{"start":{"line":22,"column":32},"end":{"line":22,"column":33}},"loc":{"start":{"line":22,"column":55},"end":{"line":24,"column":1}},"line":22},"2":{"name":"(anonymous_2)","decl":{"start":{"line":26,"column":27},"end":{"line":26,"column":28}},"loc":{"start":{"line":26,"column":53},"end":{"line":28,"column":1}},"line":26},"3":{"name":"(anonymous_3)","decl":{"start":{"line":31,"column":28},"end":{"line":31,"column":29}},"loc":{"start":{"line":31,"column":62},"end":{"line":33,"column":1}},"line":31},"4":{"name":"(anonymous_4)","decl":{"start":{"line":36,"column":26},"end":{"line":36,"column":27}},"loc":{"start":{"line":36,"column":63},"end":{"line":45,"column":1}},"line":36},"5":{"name":"(anonymous_5)","decl":{"start":{"line":48,"column":26},"end":{"line":48,"column":27}},"loc":{"start":{"line":48,"column":52},"end":{"line":50,"column":1}},"line":48},"6":{"name":"(anonymous_6)","decl":{"start":{"line":52,"column":35},"end":{"line":52,"column":36}},"loc":{"start":{"line":52,"column":58},"end":{"line":54,"column":1}},"line":52},"7":{"name":"(anonymous_7)","decl":{"start":{"line":56,"column":27},"end":{"line":56,"column":28}},"loc":{"start":{"line":56,"column":53},"end":{"line":58,"column":1}},"line":56}},"branchMap":{},"s":{"0":1,"1":1,"2":1,"3":1,"4":1,"5":0,"6":0,"7":1,"8":0,"9":1,"10":0,"11":1,"12":0,"13":1,"14":0,"15":1,"16":0,"17":1,"18":0,"19":1,"20":0,"21":1},"f":{"0":0,"1":0,"2":0,"3":0,"4":0,"5":0,"6":0,"7":0},"b":{},"_coverageSchema":"1a1c01bbd47fc00a2c39e90264f33305004495a9","hash":"a1d2c950905087e5fab07bf34910d4d2c2d8ce61"}
,"/home/pth_ubuntu/lunarcat/epiclogue.back/models/follow.js": {"path":"/home/pth_ubuntu/lunarcat/epiclogue.back/models/follow.js","statementMap":{"0":{"start":{"line":1,"column":17},"end":{"line":1,"column":36}},"1":{"start":{"line":2,"column":17},"end":{"line":2,"column":34}},"2":{"start":{"line":3,"column":0},"end":{"line":3,"column":37}},"3":{"start":{"line":5,"column":15},"end":{"line":8,"column":2}},"4":{"start":{"line":10,"column":0},"end":{"line":13,"column":2}},"5":{"start":{"line":11,"column":21},"end":{"line":11,"column":35}},"6":{"start":{"line":12,"column":2},"end":{"line":12,"column":29}},"7":{"start":{"line":15,"column":0},"end":{"line":20,"column":2}},"8":{"start":{"line":16,"column":2},"end":{"line":19,"column":4}},"9":{"start":{"line":23,"column":0},"end":{"line":25,"column":2}},"10":{"start":{"line":24,"column":2},"end":{"line":24,"column":35}},"11":{"start":{"line":28,"column":0},"end":{"line":30,"column":2}},"12":{"start":{"line":29,"column":2},"end":{"line":29,"column":41}},"13":{"start":{"line":32,"column":0},"end":{"line":34,"column":1}},"14":{"start":{"line":33,"column":2},"end":{"line":33,"column":51}},"15":{"start":{"line":36,"column":0},"end":{"line":36,"column":50}}},"fnMap":{"0":{"name":"(anonymous_0)","decl":{"start":{"line":10,"column":24},"end":{"line":10,"column":25}},"loc":{"start":{"line":10,"column":44},"end":{"line":13,"column":1}},"line":10},"1":{"name":"(anonymous_1)","decl":{"start":{"line":15,"column":26},"end":{"line":15,"column":27}},"loc":{"start":{"line":15,"column":54},"end":{"line":20,"column":1}},"line":15},"2":{"name":"(anonymous_2)","decl":{"start":{"line":23,"column":34},"end":{"line":23,"column":35}},"loc":{"start":{"line":23,"column":56},"end":{"line":25,"column":1}},"line":23},"3":{"name":"(anonymous_3)","decl":{"start":{"line":28,"column":33},"end":{"line":28,"column":34}},"loc":{"start":{"line":28,"column":61},"end":{"line":30,"column":1}},"line":28},"4":{"name":"(anonymous_4)","decl":{"start":{"line":32,"column":29},"end":{"line":32,"column":30}},"loc":{"start":{"line":32,"column":65},"end":{"line":34,"column":1}},"line":32}},"branchMap":{},"s":{"0":1,"1":1,"2":1,"3":1,"4":1,"5":0,"6":0,"7":1,"8":0,"9":1,"10":0,"11":1,"12":0,"13":1,"14":0,"15":1},"f":{"0":0,"1":0,"2":0,"3":0,"4":0},"b":{},"_coverageSchema":"1a1c01bbd47fc00a2c39e90264f33305004495a9","hash":"6218edcf153e0a565941729b055f26e769361f64"}
,"/home/pth_ubuntu/lunarcat/epiclogue.back/models/like.js": {"path":"/home/pth_ubuntu/lunarcat/epiclogue.back/models/like.js","statementMap":{"0":{"start":{"line":1,"column":17},"end":{"line":1,"column":36}},"1":{"start":{"line":2,"column":17},"end":{"line":2,"column":34}},"2":{"start":{"line":3,"column":0},"end":{"line":3,"column":37}},"3":{"start":{"line":5,"column":13},"end":{"line":10,"column":2}},"4":{"start":{"line":12,"column":0},"end":{"line":15,"column":2}},"5":{"start":{"line":13,"column":19},"end":{"line":13,"column":33}},"6":{"start":{"line":14,"column":2},"end":{"line":14,"column":27}},"7":{"start":{"line":17,"column":0},"end":{"line":23,"column":2}},"8":{"start":{"line":18,"column":2},"end":{"line":22,"column":9}},"9":{"start":{"line":26,"column":0},"end":{"line":28,"column":2}},"10":{"start":{"line":27,"column":2},"end":{"line":27,"column":35}},"11":{"start":{"line":30,"column":0},"end":{"line":30,"column":46}}},"fnMap":{"0":{"name":"(anonymous_0)","decl":{"start":{"line":12,"column":20},"end":{"line":12,"column":21}},"loc":{"start":{"line":12,"column":40},"end":{"line":15,"column":1}},"line":12},"1":{"name":"(anonymous_1)","decl":{"start":{"line":17,"column":22},"end":{"line":17,"column":23}},"loc":{"start":{"line":17,"column":42},"end":{"line":23,"column":1}},"line":17},"2":{"name":"(anonymous_2)","decl":{"start":{"line":26,"column":27},"end":{"line":26,"column":28}},"loc":{"start":{"line":26,"column":49},"end":{"line":28,"column":1}},"line":26}},"branchMap":{},"s":{"0":1,"1":1,"2":1,"3":1,"4":1,"5":0,"6":0,"7":1,"8":0,"9":1,"10":0,"11":1},"f":{"0":0,"1":0,"2":0},"b":{},"_coverageSchema":"1a1c01bbd47fc00a2c39e90264f33305004495a9","hash":"ef4da982b3e1905e35c1330fe62750e70cc59ac6"}
,"/home/pth_ubuntu/lunarcat/epiclogue.back/models/react.js": {"path":"/home/pth_ubuntu/lunarcat/epiclogue.back/models/react.js","statementMap":{"0":{"start":{"line":1,"column":17},"end":{"line":1,"column":36}},"1":{"start":{"line":2,"column":17},"end":{"line":2,"column":34}},"2":{"start":{"line":3,"column":0},"end":{"line":3,"column":37}},"3":{"start":{"line":5,"column":14},"end":{"line":10,"column":2}},"4":{"start":{"line":12,"column":0},"end":{"line":15,"column":2}},"5":{"start":{"line":13,"column":20},"end":{"line":13,"column":34}},"6":{"start":{"line":14,"column":2},"end":{"line":14,"column":26}},"7":{"start":{"line":17,"column":0},"end":{"line":19,"column":2}},"8":{"start":{"line":18,"column":2},"end":{"line":18,"column":45}},"9":{"start":{"line":21,"column":0},"end":{"line":25,"column":2}},"10":{"start":{"line":22,"column":2},"end":{"line":24,"column":5}},"11":{"start":{"line":27,"column":0},"end":{"line":27,"column":48}}},"fnMap":{"0":{"name":"(anonymous_0)","decl":{"start":{"line":12,"column":23},"end":{"line":12,"column":24}},"loc":{"start":{"line":12,"column":39},"end":{"line":15,"column":1}},"line":12},"1":{"name":"(anonymous_1)","decl":{"start":{"line":17,"column":23},"end":{"line":17,"column":24}},"loc":{"start":{"line":17,"column":50},"end":{"line":19,"column":1}},"line":17},"2":{"name":"(anonymous_2)","decl":{"start":{"line":21,"column":29},"end":{"line":21,"column":30}},"loc":{"start":{"line":21,"column":48},"end":{"line":25,"column":1}},"line":21}},"branchMap":{},"s":{"0":1,"1":1,"2":1,"3":1,"4":1,"5":0,"6":0,"7":1,"8":0,"9":1,"10":0,"11":1},"f":{"0":0,"1":0,"2":0},"b":{},"_coverageSchema":"1a1c01bbd47fc00a2c39e90264f33305004495a9","hash":"80f77234811a9afa347d6e624ca198fb296866da"}
,"/home/pth_ubuntu/lunarcat/epiclogue.back/models/reply.js": {"path":"/home/pth_ubuntu/lunarcat/epiclogue.back/models/reply.js","statementMap":{"0":{"start":{"line":1,"column":17},"end":{"line":1,"column":36}},"1":{"start":{"line":2,"column":17},"end":{"line":2,"column":34}},"2":{"start":{"line":3,"column":0},"end":{"line":3,"column":37}},"3":{"start":{"line":5,"column":14},"end":{"line":13,"column":2}},"4":{"start":{"line":16,"column":0},"end":{"line":19,"column":2}},"5":{"start":{"line":17,"column":20},"end":{"line":17,"column":34}},"6":{"start":{"line":18,"column":2},"end":{"line":18,"column":28}},"7":{"start":{"line":22,"column":0},"end":{"line":24,"column":2}},"8":{"start":{"line":23,"column":2},"end":{"line":23,"column":60}},"9":{"start":{"line":27,"column":0},"end":{"line":29,"column":2}},"10":{"start":{"line":28,"column":2},"end":{"line":28,"column":37}},"11":{"start":{"line":31,"column":0},"end":{"line":33,"column":2}},"12":{"start":{"line":32,"column":2},"end":{"line":32,"column":70}},"13":{"start":{"line":36,"column":0},"end":{"line":45,"column":2}},"14":{"start":{"line":37,"column":2},"end":{"line":44,"column":4}},"15":{"start":{"line":48,"column":0},"end":{"line":50,"column":2}},"16":{"start":{"line":49,"column":2},"end":{"line":49,"column":46}},"17":{"start":{"line":53,"column":0},"end":{"line":55,"column":2}},"18":{"start":{"line":54,"column":2},"end":{"line":54,"column":42}},"19":{"start":{"line":57,"column":0},"end":{"line":59,"column":2}},"20":{"start":{"line":58,"column":2},"end":{"line":58,"column":43}},"21":{"start":{"line":61,"column":0},"end":{"line":63,"column":2}},"22":{"start":{"line":62,"column":2},"end":{"line":62,"column":39}},"23":{"start":{"line":67,"column":0},"end":{"line":67,"column":48}}},"fnMap":{"0":{"name":"(anonymous_0)","decl":{"start":{"line":16,"column":23},"end":{"line":16,"column":24}},"loc":{"start":{"line":16,"column":43},"end":{"line":19,"column":1}},"line":16},"1":{"name":"(anonymous_1)","decl":{"start":{"line":22,"column":25},"end":{"line":22,"column":26}},"loc":{"start":{"line":22,"column":56},"end":{"line":24,"column":1}},"line":22},"2":{"name":"(anonymous_2)","decl":{"start":{"line":27,"column":30},"end":{"line":27,"column":31}},"loc":{"start":{"line":27,"column":54},"end":{"line":29,"column":1}},"line":27},"3":{"name":"(anonymous_3)","decl":{"start":{"line":31,"column":24},"end":{"line":31,"column":25}},"loc":{"start":{"line":31,"column":47},"end":{"line":33,"column":1}},"line":31},"4":{"name":"(anonymous_4)","decl":{"start":{"line":36,"column":23},"end":{"line":36,"column":24}},"loc":{"start":{"line":36,"column":55},"end":{"line":45,"column":1}},"line":36},"5":{"name":"(anonymous_5)","decl":{"start":{"line":48,"column":23},"end":{"line":48,"column":24}},"loc":{"start":{"line":48,"column":46},"end":{"line":50,"column":1}},"line":48},"6":{"name":"(anonymous_6)","decl":{"start":{"line":53,"column":32},"end":{"line":53,"column":33}},"loc":{"start":{"line":53,"column":55},"end":{"line":55,"column":1}},"line":53},"7":{"name":"(anonymous_7)","decl":{"start":{"line":57,"column":33},"end":{"line":57,"column":34}},"loc":{"start":{"line":57,"column":57},"end":{"line":59,"column":1}},"line":57},"8":{"name":"(anonymous_8)","decl":{"start":{"line":61,"column":24},"end":{"line":61,"column":25}},"loc":{"start":{"line":61,"column":42},"end":{"line":63,"column":1}},"line":61}},"branchMap":{},"s":{"0":1,"1":1,"2":1,"3":1,"4":1,"5":0,"6":0,"7":1,"8":0,"9":1,"10":0,"11":1,"12":0,"13":1,"14":0,"15":1,"16":0,"17":1,"18":0,"19":1,"20":0,"21":1,"22":0,"23":1},"f":{"0":0,"1":0,"2":0,"3":0,"4":0,"5":0,"6":0,"7":0,"8":0},"b":{},"_coverageSchema":"1a1c01bbd47fc00a2c39e90264f33305004495a9","hash":"b8195fea658203322b156becccb83f638d10b34e"}
,"/home/pth_ubuntu/lunarcat/epiclogue.back/models/users.js": {"path":"/home/pth_ubuntu/lunarcat/epiclogue.back/models/users.js","statementMap":{"0":{"start":{"line":1,"column":17},"end":{"line":1,"column":36}},"1":{"start":{"line":2,"column":17},"end":{"line":2,"column":34}},"2":{"start":{"line":4,"column":0},"end":{"line":4,"column":37}},"3":{"start":{"line":6,"column":13},"end":{"line":20,"column":2}},"4":{"start":{"line":22,"column":0},"end":{"line":26,"column":1}},"5":{"start":{"line":23,"column":21},"end":{"line":23,"column":35}},"6":{"start":{"line":25,"column":4},"end":{"line":25,"column":27}},"7":{"start":{"line":28,"column":0},"end":{"line":36,"column":1}},"8":{"start":{"line":29,"column":19},"end":{"line":29,"column":57}},"9":{"start":{"line":31,"column":4},"end":{"line":35,"column":5}},"10":{"start":{"line":32,"column":8},"end":{"line":32,"column":19}},"11":{"start":{"line":34,"column":8},"end":{"line":34,"column":20}},"12":{"start":{"line":38,"column":0},"end":{"line":40,"column":1}},"13":{"start":{"line":39,"column":4},"end":{"line":39,"column":40}},"14":{"start":{"line":42,"column":0},"end":{"line":44,"column":1}},"15":{"start":{"line":43,"column":4},"end":{"line":43,"column":64}},"16":{"start":{"line":46,"column":0},"end":{"line":48,"column":1}},"17":{"start":{"line":47,"column":4},"end":{"line":47,"column":44}},"18":{"start":{"line":50,"column":0},"end":{"line":53,"column":1}},"19":{"start":{"line":52,"column":4},"end":{"line":52,"column":62}},"20":{"start":{"line":55,"column":0},"end":{"line":57,"column":1}},"21":{"start":{"line":56,"column":4},"end":{"line":56,"column":57}},"22":{"start":{"line":59,"column":0},"end":{"line":61,"column":1}},"23":{"start":{"line":60,"column":4},"end":{"line":60,"column":48}},"24":{"start":{"line":63,"column":0},"end":{"line":65,"column":1}},"25":{"start":{"line":64,"column":4},"end":{"line":64,"column":52}},"26":{"start":{"line":67,"column":0},"end":{"line":69,"column":1}},"27":{"start":{"line":68,"column":4},"end":{"line":68,"column":58}},"28":{"start":{"line":71,"column":0},"end":{"line":73,"column":1}},"29":{"start":{"line":72,"column":4},"end":{"line":72,"column":25}},"30":{"start":{"line":75,"column":0},"end":{"line":77,"column":1}},"31":{"start":{"line":76,"column":4},"end":{"line":76,"column":98}},"32":{"start":{"line":79,"column":0},"end":{"line":81,"column":1}},"33":{"start":{"line":80,"column":4},"end":{"line":80,"column":60}},"34":{"start":{"line":83,"column":0},"end":{"line":85,"column":1}},"35":{"start":{"line":84,"column":4},"end":{"line":84,"column":55}},"36":{"start":{"line":87,"column":0},"end":{"line":89,"column":1}},"37":{"start":{"line":88,"column":4},"end":{"line":88,"column":206}},"38":{"start":{"line":91,"column":0},"end":{"line":93,"column":1}},"39":{"start":{"line":92,"column":4},"end":{"line":92,"column":76}},"40":{"start":{"line":95,"column":0},"end":{"line":95,"column":46}}},"fnMap":{"0":{"name":"(anonymous_0)","decl":{"start":{"line":22,"column":22},"end":{"line":22,"column":23}},"loc":{"start":{"line":22,"column":38},"end":{"line":26,"column":1}},"line":22},"1":{"name":"(anonymous_1)","decl":{"start":{"line":28,"column":26},"end":{"line":28,"column":27}},"loc":{"start":{"line":28,"column":50},"end":{"line":36,"column":1}},"line":28},"2":{"name":"(anonymous_2)","decl":{"start":{"line":38,"column":27},"end":{"line":38,"column":28}},"loc":{"start":{"line":38,"column":50},"end":{"line":40,"column":1}},"line":38},"3":{"name":"(anonymous_3)","decl":{"start":{"line":42,"column":27},"end":{"line":42,"column":28}},"loc":{"start":{"line":42,"column":44},"end":{"line":44,"column":1}},"line":42},"4":{"name":"(anonymous_4)","decl":{"start":{"line":46,"column":23},"end":{"line":46,"column":24}},"loc":{"start":{"line":46,"column":40},"end":{"line":48,"column":1}},"line":46},"5":{"name":"(anonymous_5)","decl":{"start":{"line":50,"column":24},"end":{"line":50,"column":25}},"loc":{"start":{"line":50,"column":49},"end":{"line":53,"column":1}},"line":50},"6":{"name":"(anonymous_6)","decl":{"start":{"line":55,"column":23},"end":{"line":55,"column":24}},"loc":{"start":{"line":55,"column":40},"end":{"line":57,"column":1}},"line":55},"7":{"name":"(anonymous_7)","decl":{"start":{"line":59,"column":27},"end":{"line":59,"column":28}},"loc":{"start":{"line":59,"column":54},"end":{"line":61,"column":1}},"line":59},"8":{"name":"(anonymous_8)","decl":{"start":{"line":63,"column":37},"end":{"line":63,"column":38}},"loc":{"start":{"line":63,"column":65},"end":{"line":65,"column":1}},"line":63},"9":{"name":"(anonymous_9)","decl":{"start":{"line":67,"column":26},"end":{"line":67,"column":27}},"loc":{"start":{"line":67,"column":49},"end":{"line":69,"column":1}},"line":67},"10":{"name":"(anonymous_10)","decl":{"start":{"line":71,"column":23},"end":{"line":71,"column":24}},"loc":{"start":{"line":71,"column":35},"end":{"line":73,"column":1}},"line":71},"11":{"name":"(anonymous_11)","decl":{"start":{"line":75,"column":26},"end":{"line":75,"column":27}},"loc":{"start":{"line":75,"column":69},"end":{"line":77,"column":1}},"line":75},"12":{"name":"(anonymous_12)","decl":{"start":{"line":79,"column":26},"end":{"line":79,"column":27}},"loc":{"start":{"line":79,"column":49},"end":{"line":81,"column":1}},"line":79},"13":{"name":"(anonymous_13)","decl":{"start":{"line":83,"column":25},"end":{"line":83,"column":26}},"loc":{"start":{"line":83,"column":48},"end":{"line":85,"column":1}},"line":83},"14":{"name":"(anonymous_14)","decl":{"start":{"line":87,"column":29},"end":{"line":87,"column":30}},"loc":{"start":{"line":87,"column":50},"end":{"line":89,"column":1}},"line":87},"15":{"name":"(anonymous_15)","decl":{"start":{"line":91,"column":26},"end":{"line":91,"column":27}},"loc":{"start":{"line":91,"column":47},"end":{"line":93,"column":1}},"line":91}},"branchMap":{"0":{"loc":{"start":{"line":31,"column":4},"end":{"line":35,"column":5}},"type":"if","locations":[{"start":{"line":31,"column":4},"end":{"line":35,"column":5}},{"start":{"line":31,"column":4},"end":{"line":35,"column":5}}],"line":31}},"s":{"0":1,"1":1,"2":1,"3":1,"4":1,"5":1,"6":1,"7":1,"8":0,"9":0,"10":0,"11":0,"12":1,"13":0,"14":1,"15":0,"16":1,"17":1,"18":1,"19":1,"20":1,"21":2,"22":1,"23":0,"24":1,"25":0,"26":1,"27":0,"28":1,"29":0,"30":1,"31":0,"32":1,"33":0,"34":1,"35":0,"36":1,"37":0,"38":1,"39":0,"40":1},"f":{"0":1,"1":0,"2":0,"3":0,"4":1,"5":1,"6":2,"7":0,"8":0,"9":0,"10":0,"11":0,"12":0,"13":0,"14":0,"15":0},"b":{"0":[0,0]},"_coverageSchema":"1a1c01bbd47fc00a2c39e90264f33305004495a9","hash":"5b017d163fd669d2cddab4db242841b5a739939c"}
,"/home/pth_ubuntu/lunarcat/epiclogue.back/routes/authorization.js": {"path":"/home/pth_ubuntu/lunarcat/epiclogue.back/routes/authorization.js","statementMap":{"0":{"start":{"line":1,"column":12},"end":{"line":1,"column":35}},"1":{"start":{"line":2,"column":0},"end":{"line":2,"column":27}},"2":{"start":{"line":3,"column":19},"end":{"line":3,"column":41}},"3":{"start":{"line":4,"column":13},"end":{"line":4,"column":39}},"4":{"start":{"line":5,"column":14},"end":{"line":5,"column":40}},"5":{"start":{"line":6,"column":17},"end":{"line":6,"column":46}},"6":{"start":{"line":7,"column":14},"end":{"line":7,"column":40}},"7":{"start":{"line":9,"column":20},"end":{"line":35,"column":3}},"8":{"start":{"line":10,"column":4},"end":{"line":34,"column":5}},"9":{"start":{"line":11,"column":28},"end":{"line":11,"column":57}},"10":{"start":{"line":12,"column":24},"end":{"line":12,"column":59}},"11":{"start":{"line":13,"column":8},"end":{"line":28,"column":9}},"12":{"start":{"line":14,"column":10},"end":{"line":22,"column":11}},"13":{"start":{"line":15,"column":12},"end":{"line":15,"column":41}},"14":{"start":{"line":16,"column":12},"end":{"line":16,"column":19}},"15":{"start":{"line":18,"column":12},"end":{"line":21,"column":14}},"16":{"start":{"line":24,"column":12},"end":{"line":27,"column":15}},"17":{"start":{"line":30,"column":8},"end":{"line":33,"column":11}},"18":{"start":{"line":39,"column":20},"end":{"line":101,"column":1}},"19":{"start":{"line":40,"column":2},"end":{"line":100,"column":3}},"20":{"start":{"line":41,"column":19},"end":{"line":41,"column":23}},"21":{"start":{"line":43,"column":4},"end":{"line":84,"column":5}},"22":{"start":{"line":44,"column":6},"end":{"line":44,"column":46}},"23":{"start":{"line":45,"column":6},"end":{"line":54,"column":8}},"24":{"start":{"line":46,"column":8},"end":{"line":52,"column":9}},"25":{"start":{"line":47,"column":10},"end":{"line":50,"column":12}},"26":{"start":{"line":51,"column":10},"end":{"line":51,"column":17}},"27":{"start":{"line":53,"column":8},"end":{"line":53,"column":23}},"28":{"start":{"line":55,"column":11},"end":{"line":84,"column":5}},"29":{"start":{"line":56,"column":6},"end":{"line":56,"column":49}},"30":{"start":{"line":57,"column":6},"end":{"line":66,"column":8}},"31":{"start":{"line":58,"column":8},"end":{"line":64,"column":9}},"32":{"start":{"line":59,"column":10},"end":{"line":62,"column":12}},"33":{"start":{"line":63,"column":10},"end":{"line":63,"column":17}},"34":{"start":{"line":65,"column":8},"end":{"line":65,"column":23}},"35":{"start":{"line":67,"column":11},"end":{"line":84,"column":5}},"36":{"start":{"line":68,"column":6},"end":{"line":68,"column":46}},"37":{"start":{"line":69,"column":6},"end":{"line":78,"column":8}},"38":{"start":{"line":70,"column":8},"end":{"line":76,"column":9}},"39":{"start":{"line":71,"column":10},"end":{"line":74,"column":12}},"40":{"start":{"line":75,"column":10},"end":{"line":75,"column":17}},"41":{"start":{"line":77,"column":8},"end":{"line":77,"column":23}},"42":{"start":{"line":80,"column":6},"end":{"line":82,"column":8}},"43":{"start":{"line":83,"column":6},"end":{"line":83,"column":13}},"44":{"start":{"line":86,"column":4},"end":{"line":94,"column":5}},"45":{"start":{"line":87,"column":6},"end":{"line":87,"column":38}},"46":{"start":{"line":88,"column":6},"end":{"line":88,"column":13}},"47":{"start":{"line":90,"column":6},"end":{"line":93,"column":8}},"48":{"start":{"line":96,"column":4},"end":{"line":99,"column":6}},"49":{"start":{"line":103,"column":26},"end":{"line":141,"column":1}},"50":{"start":{"line":104,"column":17},"end":{"line":104,"column":31}},"51":{"start":{"line":105,"column":2},"end":{"line":140,"column":3}},"52":{"start":{"line":106,"column":4},"end":{"line":106,"column":52}},"53":{"start":{"line":107,"column":20},"end":{"line":107,"column":38}},"54":{"start":{"line":108,"column":4},"end":{"line":121,"column":7}},"55":{"start":{"line":109,"column":6},"end":{"line":113,"column":7}},"56":{"start":{"line":110,"column":8},"end":{"line":112,"column":11}},"57":{"start":{"line":114,"column":6},"end":{"line":120,"column":7}},"58":{"start":{"line":115,"column":8},"end":{"line":115,"column":47}},"59":{"start":{"line":116,"column":8},"end":{"line":116,"column":15}},"60":{"start":{"line":118,"column":8},"end":{"line":118,"column":28}},"61":{"start":{"line":119,"column":8},"end":{"line":119,"column":15}},"62":{"start":{"line":122,"column":9},"end":{"line":140,"column":3}},"63":{"start":{"line":123,"column":4},"end":{"line":123,"column":52}},"64":{"start":{"line":124,"column":20},"end":{"line":124,"column":36}},"65":{"start":{"line":125,"column":4},"end":{"line":139,"column":7}},"66":{"start":{"line":126,"column":6},"end":{"line":130,"column":7}},"67":{"start":{"line":127,"column":8},"end":{"line":129,"column":11}},"68":{"start":{"line":131,"column":6},"end":{"line":138,"column":7}},"69":{"start":{"line":132,"column":8},"end":{"line":132,"column":47}},"70":{"start":{"line":133,"column":8},"end":{"line":133,"column":15}},"71":{"start":{"line":135,"column":8},"end":{"line":137,"column":10}},"72":{"start":{"line":143,"column":0},"end":{"line":147,"column":1}}},"fnMap":{"0":{"name":"(anonymous_0)","decl":{"start":{"line":9,"column":20},"end":{"line":9,"column":21}},"loc":{"start":{"line":9,"column":40},"end":{"line":35,"column":3}},"line":9},"1":{"name":"(anonymous_1)","decl":{"start":{"line":39,"column":20},"end":{"line":39,"column":21}},"loc":{"start":{"line":39,"column":40},"end":{"line":101,"column":1}},"line":39},"2":{"name":"(anonymous_2)","decl":{"start":{"line":45,"column":66},"end":{"line":45,"column":67}},"loc":{"start":{"line":45,"column":81},"end":{"line":54,"column":7}},"line":45},"3":{"name":"(anonymous_3)","decl":{"start":{"line":57,"column":60},"end":{"line":57,"column":61}},"loc":{"start":{"line":57,"column":75},"end":{"line":66,"column":7}},"line":57},"4":{"name":"(anonymous_4)","decl":{"start":{"line":69,"column":57},"end":{"line":69,"column":58}},"loc":{"start":{"line":69,"column":72},"end":{"line":78,"column":7}},"line":69},"5":{"name":"(anonymous_5)","decl":{"start":{"line":103,"column":26},"end":{"line":103,"column":27}},"loc":{"start":{"line":103,"column":46},"end":{"line":141,"column":1}},"line":103},"6":{"name":"(anonymous_6)","decl":{"start":{"line":108,"column":36},"end":{"line":108,"column":37}},"loc":{"start":{"line":108,"column":51},"end":{"line":121,"column":5}},"line":108},"7":{"name":"(anonymous_7)","decl":{"start":{"line":125,"column":39},"end":{"line":125,"column":40}},"loc":{"start":{"line":125,"column":54},"end":{"line":139,"column":5}},"line":125}},"branchMap":{"0":{"loc":{"start":{"line":13,"column":8},"end":{"line":28,"column":9}},"type":"if","locations":[{"start":{"line":13,"column":8},"end":{"line":28,"column":9}},{"start":{"line":13,"column":8},"end":{"line":28,"column":9}}],"line":13},"1":{"loc":{"start":{"line":14,"column":10},"end":{"line":22,"column":11}},"type":"if","locations":[{"start":{"line":14,"column":10},"end":{"line":22,"column":11}},{"start":{"line":14,"column":10},"end":{"line":22,"column":11}}],"line":14},"2":{"loc":{"start":{"line":43,"column":4},"end":{"line":84,"column":5}},"type":"if","locations":[{"start":{"line":43,"column":4},"end":{"line":84,"column":5}},{"start":{"line":43,"column":4},"end":{"line":84,"column":5}}],"line":43},"3":{"loc":{"start":{"line":46,"column":8},"end":{"line":52,"column":9}},"type":"if","locations":[{"start":{"line":46,"column":8},"end":{"line":52,"column":9}},{"start":{"line":46,"column":8},"end":{"line":52,"column":9}}],"line":46},"4":{"loc":{"start":{"line":55,"column":11},"end":{"line":84,"column":5}},"type":"if","locations":[{"start":{"line":55,"column":11},"end":{"line":84,"column":5}},{"start":{"line":55,"column":11},"end":{"line":84,"column":5}}],"line":55},"5":{"loc":{"start":{"line":58,"column":8},"end":{"line":64,"column":9}},"type":"if","locations":[{"start":{"line":58,"column":8},"end":{"line":64,"column":9}},{"start":{"line":58,"column":8},"end":{"line":64,"column":9}}],"line":58},"6":{"loc":{"start":{"line":67,"column":11},"end":{"line":84,"column":5}},"type":"if","locations":[{"start":{"line":67,"column":11},"end":{"line":84,"column":5}},{"start":{"line":67,"column":11},"end":{"line":84,"column":5}}],"line":67},"7":{"loc":{"start":{"line":70,"column":8},"end":{"line":76,"column":9}},"type":"if","locations":[{"start":{"line":70,"column":8},"end":{"line":76,"column":9}},{"start":{"line":70,"column":8},"end":{"line":76,"column":9}}],"line":70},"8":{"loc":{"start":{"line":86,"column":4},"end":{"line":94,"column":5}},"type":"if","locations":[{"start":{"line":86,"column":4},"end":{"line":94,"column":5}},{"start":{"line":86,"column":4},"end":{"line":94,"column":5}}],"line":86},"9":{"loc":{"start":{"line":105,"column":2},"end":{"line":140,"column":3}},"type":"if","locations":[{"start":{"line":105,"column":2},"end":{"line":140,"column":3}},{"start":{"line":105,"column":2},"end":{"line":140,"column":3}}],"line":105},"10":{"loc":{"start":{"line":109,"column":6},"end":{"line":113,"column":7}},"type":"if","locations":[{"start":{"line":109,"column":6},"end":{"line":113,"column":7}},{"start":{"line":109,"column":6},"end":{"line":113,"column":7}}],"line":109},"11":{"loc":{"start":{"line":114,"column":6},"end":{"line":120,"column":7}},"type":"if","locations":[{"start":{"line":114,"column":6},"end":{"line":120,"column":7}},{"start":{"line":114,"column":6},"end":{"line":120,"column":7}}],"line":114},"12":{"loc":{"start":{"line":122,"column":9},"end":{"line":140,"column":3}},"type":"if","locations":[{"start":{"line":122,"column":9},"end":{"line":140,"column":3}},{"start":{"line":122,"column":9},"end":{"line":140,"column":3}}],"line":122},"13":{"loc":{"start":{"line":126,"column":6},"end":{"line":130,"column":7}},"type":"if","locations":[{"start":{"line":126,"column":6},"end":{"line":130,"column":7}},{"start":{"line":126,"column":6},"end":{"line":130,"column":7}}],"line":126},"14":{"loc":{"start":{"line":131,"column":6},"end":{"line":138,"column":7}},"type":"if","locations":[{"start":{"line":131,"column":6},"end":{"line":138,"column":7}},{"start":{"line":131,"column":6},"end":{"line":138,"column":7}}],"line":131}},"s":{"0":1,"1":1,"2":1,"3":1,"4":1,"5":1,"6":1,"7":1,"8":0,"9":0,"10":0,"11":0,"12":0,"13":0,"14":0,"15":0,"16":0,"17":0,"18":1,"19":0,"20":0,"21":0,"22":0,"23":0,"24":0,"25":0,"26":0,"27":0,"28":0,"29":0,"30":0,"31":0,"32":0,"33":0,"34":0,"35":0,"36":0,"37":0,"38":0,"39":0,"40":0,"41":0,"42":0,"43":0,"44":0,"45":0,"46":0,"47":0,"48":0,"49":1,"50":0,"51":0,"52":0,"53":0,"54":0,"55":0,"56":0,"57":0,"58":0,"59":0,"60":0,"61":0,"62":0,"63":0,"64":0,"65":0,"66":0,"67":0,"68":0,"69":0,"70":0,"71":0,"72":1},"f":{"0":0,"1":0,"2":0,"3":0,"4":0,"5":0,"6":0,"7":0},"b":{"0":[0,0],"1":[0,0],"2":[0,0],"3":[0,0],"4":[0,0],"5":[0,0],"6":[0,0],"7":[0,0],"8":[0,0],"9":[0,0],"10":[0,0],"11":[0,0],"12":[0,0],"13":[0,0],"14":[0,0]},"_coverageSchema":"1a1c01bbd47fc00a2c39e90264f33305004495a9","hash":"568433829037644d388258c919b673a6fbb1f366"}
,"/home/pth_ubuntu/lunarcat/epiclogue.back/routes/board.js": {"path":"/home/pth_ubuntu/lunarcat/epiclogue.back/routes/board.js","statementMap":{"0":{"start":{"line":1,"column":16},"end":{"line":1,"column":34}},"1":{"start":{"line":2,"column":15},"end":{"line":2,"column":31}},"2":{"start":{"line":3,"column":56},"end":{"line":3,"column":82}},"3":{"start":{"line":4,"column":0},"end":{"line":4,"column":27}},"4":{"start":{"line":5,"column":14},"end":{"line":5,"column":40}},"5":{"start":{"line":6,"column":17},"end":{"line":6,"column":46}},"6":{"start":{"line":7,"column":13},"end":{"line":7,"column":39}},"7":{"start":{"line":8,"column":15},"end":{"line":8,"column":34}},"8":{"start":{"line":10,"column":0},"end":{"line":14,"column":2}},"9":{"start":{"line":11,"column":2},"end":{"line":13,"column":4}},"10":{"start":{"line":16,"column":0},"end":{"line":49,"column":3}},"11":{"start":{"line":17,"column":14},"end":{"line":17,"column":28}},"12":{"start":{"line":18,"column":21},"end":{"line":18,"column":40}},"13":{"start":{"line":19,"column":20},"end":{"line":19,"column":38}},"14":{"start":{"line":20,"column":17},"end":{"line":20,"column":19}},"15":{"start":{"line":21,"column":2},"end":{"line":23,"column":3}},"16":{"start":{"line":21,"column":15},"end":{"line":21,"column":16}},"17":{"start":{"line":22,"column":4},"end":{"line":22,"column":41}},"18":{"start":{"line":24,"column":19},"end":{"line":24,"column":36}},"19":{"start":{"line":25,"column":14},"end":{"line":25,"column":26}},"20":{"start":{"line":26,"column":19},"end":{"line":26,"column":36}},"21":{"start":{"line":27,"column":17},"end":{"line":36,"column":4}},"22":{"start":{"line":37,"column":2},"end":{"line":37,"column":42}},"23":{"start":{"line":38,"column":2},"end":{"line":48,"column":3}},"24":{"start":{"line":39,"column":4},"end":{"line":42,"column":6}},"25":{"start":{"line":45,"column":4},"end":{"line":47,"column":6}},"26":{"start":{"line":51,"column":0},"end":{"line":80,"column":2}},"27":{"start":{"line":52,"column":18},"end":{"line":52,"column":36}},"28":{"start":{"line":53,"column":20},"end":{"line":53,"column":48}},"29":{"start":{"line":54,"column":21},"end":{"line":57,"column":4}},"30":{"start":{"line":58,"column":34},"end":{"line":58,"column":70}},"31":{"start":{"line":59,"column":23},"end":{"line":59,"column":25}},"32":{"start":{"line":60,"column":2},"end":{"line":73,"column":3}},"33":{"start":{"line":61,"column":29},"end":{"line":61,"column":65}},"34":{"start":{"line":62,"column":4},"end":{"line":72,"column":6}},"35":{"start":{"line":74,"column":2},"end":{"line":79,"column":5}},"36":{"start":{"line":82,"column":0},"end":{"line":105,"column":3}},"37":{"start":{"line":83,"column":18},"end":{"line":83,"column":36}},"38":{"start":{"line":84,"column":2},"end":{"line":104,"column":5}},"39":{"start":{"line":85,"column":4},"end":{"line":103,"column":5}},"40":{"start":{"line":86,"column":6},"end":{"line":89,"column":9}},"41":{"start":{"line":91,"column":21},"end":{"line":91,"column":60}},"42":{"start":{"line":93,"column":6},"end":{"line":102,"column":7}},"43":{"start":{"line":94,"column":8},"end":{"line":96,"column":11}},"44":{"start":{"line":97,"column":8},"end":{"line":97,"column":15}},"45":{"start":{"line":99,"column":8},"end":{"line":101,"column":10}},"46":{"start":{"line":107,"column":0},"end":{"line":116,"column":2}},"47":{"start":{"line":108,"column":18},"end":{"line":108,"column":36}},"48":{"start":{"line":109,"column":17},"end":{"line":109,"column":48}},"49":{"start":{"line":112,"column":2},"end":{"line":115,"column":4}},"50":{"start":{"line":118,"column":0},"end":{"line":150,"column":2}},"51":{"start":{"line":124,"column":19},"end":{"line":124,"column":21}},"52":{"start":{"line":125,"column":4},"end":{"line":127,"column":5}},"53":{"start":{"line":125,"column":17},"end":{"line":125,"column":18}},"54":{"start":{"line":126,"column":6},"end":{"line":126,"column":43}},"55":{"start":{"line":128,"column":23},"end":{"line":137,"column":5}},"56":{"start":{"line":139,"column":4},"end":{"line":148,"column":7}},"57":{"start":{"line":140,"column":6},"end":{"line":144,"column":7}},"58":{"start":{"line":141,"column":8},"end":{"line":143,"column":11}},"59":{"start":{"line":146,"column":6},"end":{"line":146,"column":26}},"60":{"start":{"line":147,"column":6},"end":{"line":147,"column":13}},"61":{"start":{"line":214,"column":0},"end":{"line":238,"column":3}},"62":{"start":{"line":215,"column":20},"end":{"line":215,"column":41}},"63":{"start":{"line":216,"column":17},"end":{"line":216,"column":28}},"64":{"start":{"line":217,"column":2},"end":{"line":226,"column":3}},"65":{"start":{"line":218,"column":19},"end":{"line":218,"column":51}},"66":{"start":{"line":219,"column":4},"end":{"line":225,"column":7}},"67":{"start":{"line":227,"column":2},"end":{"line":237,"column":3}},"68":{"start":{"line":228,"column":4},"end":{"line":231,"column":7}},"69":{"start":{"line":233,"column":4},"end":{"line":236,"column":6}},"70":{"start":{"line":240,"column":0},"end":{"line":240,"column":24}}},"fnMap":{"0":{"name":"(anonymous_0)","decl":{"start":{"line":10,"column":22},"end":{"line":10,"column":23}},"loc":{"start":{"line":10,"column":36},"end":{"line":14,"column":1}},"line":10},"1":{"name":"(anonymous_1)","decl":{"start":{"line":16,"column":44},"end":{"line":16,"column":45}},"loc":{"start":{"line":16,"column":76},"end":{"line":49,"column":1}},"line":16},"2":{"name":"(anonymous_2)","decl":{"start":{"line":51,"column":37},"end":{"line":51,"column":38}},"loc":{"start":{"line":51,"column":63},"end":{"line":80,"column":1}},"line":51},"3":{"name":"(anonymous_3)","decl":{"start":{"line":82,"column":59},"end":{"line":82,"column":60}},"loc":{"start":{"line":82,"column":91},"end":{"line":105,"column":1}},"line":82},"4":{"name":"(anonymous_4)","decl":{"start":{"line":84,"column":30},"end":{"line":84,"column":31}},"loc":{"start":{"line":84,"column":51},"end":{"line":104,"column":3}},"line":84},"5":{"name":"(anonymous_5)","decl":{"start":{"line":107,"column":61},"end":{"line":107,"column":62}},"loc":{"start":{"line":107,"column":93},"end":{"line":116,"column":1}},"line":107},"6":{"name":"(anonymous_6)","decl":{"start":{"line":123,"column":2},"end":{"line":123,"column":3}},"loc":{"start":{"line":123,"column":28},"end":{"line":149,"column":3}},"line":123},"7":{"name":"(anonymous_7)","decl":{"start":{"line":139,"column":29},"end":{"line":139,"column":30}},"loc":{"start":{"line":139,"column":44},"end":{"line":148,"column":5}},"line":139},"8":{"name":"(anonymous_8)","decl":{"start":{"line":214,"column":29},"end":{"line":214,"column":30}},"loc":{"start":{"line":214,"column":61},"end":{"line":238,"column":1}},"line":214}},"branchMap":{"0":{"loc":{"start":{"line":38,"column":2},"end":{"line":48,"column":3}},"type":"if","locations":[{"start":{"line":38,"column":2},"end":{"line":48,"column":3}},{"start":{"line":38,"column":2},"end":{"line":48,"column":3}}],"line":38},"1":{"loc":{"start":{"line":85,"column":4},"end":{"line":103,"column":5}},"type":"if","locations":[{"start":{"line":85,"column":4},"end":{"line":103,"column":5}},{"start":{"line":85,"column":4},"end":{"line":103,"column":5}}],"line":85},"2":{"loc":{"start":{"line":93,"column":6},"end":{"line":102,"column":7}},"type":"if","locations":[{"start":{"line":93,"column":6},"end":{"line":102,"column":7}},{"start":{"line":93,"column":6},"end":{"line":102,"column":7}}],"line":93},"3":{"loc":{"start":{"line":140,"column":6},"end":{"line":144,"column":7}},"type":"if","locations":[{"start":{"line":140,"column":6},"end":{"line":144,"column":7}},{"start":{"line":140,"column":6},"end":{"line":144,"column":7}}],"line":140},"4":{"loc":{"start":{"line":227,"column":2},"end":{"line":237,"column":3}},"type":"if","locations":[{"start":{"line":227,"column":2},"end":{"line":237,"column":3}},{"start":{"line":227,"column":2},"end":{"line":237,"column":3}}],"line":227}},"s":{"0":1,"1":1,"2":1,"3":1,"4":1,"5":1,"6":1,"7":1,"8":1,"9":0,"10":1,"11":0,"12":0,"13":0,"14":0,"15":0,"16":0,"17":0,"18":0,"19":0,"20":0,"21":0,"22":0,"23":0,"24":0,"25":0,"26":1,"27":0,"28":0,"29":0,"30":0,"31":0,"32":0,"33":0,"34":0,"35":0,"36":1,"37":0,"38":0,"39":0,"40":0,"41":0,"42":0,"43":0,"44":0,"45":0,"46":1,"47":0,"48":0,"49":0,"50":1,"51":0,"52":0,"53":0,"54":0,"55":0,"56":0,"57":0,"58":0,"59":0,"60":0,"61":1,"62":0,"63":0,"64":0,"65":0,"66":0,"67":0,"68":0,"69":0,"70":1},"f":{"0":0,"1":0,"2":0,"3":0,"4":0,"5":0,"6":0,"7":0,"8":0},"b":{"0":[0,0],"1":[0,0],"2":[0,0],"3":[0,0],"4":[0,0]},"_coverageSchema":"1a1c01bbd47fc00a2c39e90264f33305004495a9","hash":"7e8d7a6fd5bc3a190bfad01c6bb7f5a806a81b10"}
,"/home/pth_ubuntu/lunarcat/epiclogue.back/routes/bookmark.js": {"path":"/home/pth_ubuntu/lunarcat/epiclogue.back/routes/bookmark.js","statementMap":{"0":{"start":{"line":6,"column":15},"end":{"line":8,"column":2}},"1":{"start":{"line":14,"column":0},"end":{"line":26,"column":3}},"2":{"start":{"line":15,"column":19},"end":{"line":15,"column":38}},"3":{"start":{"line":17,"column":2},"end":{"line":25,"column":3}},"4":{"start":{"line":18,"column":19},"end":{"line":18,"column":55}},"5":{"start":{"line":19,"column":4},"end":{"line":19,"column":33}},"6":{"start":{"line":21,"column":4},"end":{"line":21,"column":34}},"7":{"start":{"line":22,"column":4},"end":{"line":24,"column":6}},"8":{"start":{"line":28,"column":0},"end":{"line":50,"column":3}},"9":{"start":{"line":29,"column":23},"end":{"line":32,"column":3}},"10":{"start":{"line":34,"column":20},"end":{"line":38,"column":3}},"11":{"start":{"line":40,"column":2},"end":{"line":49,"column":3}},"12":{"start":{"line":41,"column":4},"end":{"line":41,"column":40}},"13":{"start":{"line":42,"column":4},"end":{"line":42,"column":34}},"14":{"start":{"line":43,"column":4},"end":{"line":43,"column":23}},"15":{"start":{"line":45,"column":4},"end":{"line":45,"column":34}},"16":{"start":{"line":46,"column":4},"end":{"line":48,"column":6}},"17":{"start":{"line":52,"column":0},"end":{"line":66,"column":3}},"18":{"start":{"line":53,"column":17},"end":{"line":53,"column":31}},"19":{"start":{"line":54,"column":18},"end":{"line":54,"column":34}},"20":{"start":{"line":56,"column":2},"end":{"line":65,"column":3}},"21":{"start":{"line":57,"column":4},"end":{"line":57,"column":43}},"22":{"start":{"line":58,"column":4},"end":{"line":58,"column":40}},"23":{"start":{"line":59,"column":4},"end":{"line":59,"column":24}},"24":{"start":{"line":61,"column":4},"end":{"line":61,"column":34}},"25":{"start":{"line":62,"column":4},"end":{"line":64,"column":6}},"26":{"start":{"line":68,"column":0},"end":{"line":68,"column":24}}},"fnMap":{"0":{"name":"(anonymous_0)","decl":{"start":{"line":14,"column":29},"end":{"line":14,"column":30}},"loc":{"start":{"line":14,"column":55},"end":{"line":26,"column":1}},"line":14},"1":{"name":"(anonymous_1)","decl":{"start":{"line":28,"column":30},"end":{"line":28,"column":31}},"loc":{"start":{"line":28,"column":62},"end":{"line":50,"column":1}},"line":28},"2":{"name":"(anonymous_2)","decl":{"start":{"line":52,"column":32},"end":{"line":52,"column":33}},"loc":{"start":{"line":52,"column":58},"end":{"line":66,"column":1}},"line":52}},"branchMap":{},"s":{"0":1,"1":1,"2":0,"3":0,"4":0,"5":0,"6":0,"7":0,"8":1,"9":0,"10":0,"11":0,"12":0,"13":0,"14":0,"15":0,"16":0,"17":1,"18":0,"19":0,"20":0,"21":0,"22":0,"23":0,"24":0,"25":0,"26":1},"f":{"0":0,"1":0,"2":0},"b":{},"_coverageSchema":"1a1c01bbd47fc00a2c39e90264f33305004495a9","hash":"5acbf4368db861c98afe6f8ce5291e0f096e8aff"}
,"/home/pth_ubuntu/lunarcat/epiclogue.back/routes/feedback.js": {"path":"/home/pth_ubuntu/lunarcat/epiclogue.back/routes/feedback.js","statementMap":{"0":{"start":{"line":2,"column":15},"end":{"line":4,"column":2}},"1":{"start":{"line":14,"column":0},"end":{"line":33,"column":3}},"2":{"start":{"line":15,"column":23},"end":{"line":19,"column":3}},"3":{"start":{"line":21,"column":2},"end":{"line":32,"column":5}},"4":{"start":{"line":22,"column":4},"end":{"line":31,"column":5}},"5":{"start":{"line":23,"column":6},"end":{"line":23,"column":37}},"6":{"start":{"line":24,"column":6},"end":{"line":26,"column":9}},"7":{"start":{"line":27,"column":6},"end":{"line":27,"column":13}},"8":{"start":{"line":29,"column":6},"end":{"line":29,"column":26}},"9":{"start":{"line":30,"column":6},"end":{"line":30,"column":13}},"10":{"start":{"line":52,"column":0},"end":{"line":88,"column":3}},"11":{"start":{"line":53,"column":18},"end":{"line":56,"column":3}},"12":{"start":{"line":58,"column":2},"end":{"line":87,"column":5}},"13":{"start":{"line":59,"column":4},"end":{"line":86,"column":5}},"14":{"start":{"line":60,"column":6},"end":{"line":60,"column":37}},"15":{"start":{"line":61,"column":6},"end":{"line":63,"column":9}},"16":{"start":{"line":64,"column":6},"end":{"line":64,"column":13}},"17":{"start":{"line":66,"column":6},"end":{"line":66,"column":24}},"18":{"start":{"line":67,"column":6},"end":{"line":85,"column":7}},"19":{"start":{"line":68,"column":8},"end":{"line":78,"column":9}},"20":{"start":{"line":69,"column":10},"end":{"line":69,"column":30}},"21":{"start":{"line":70,"column":15},"end":{"line":78,"column":9}},"22":{"start":{"line":71,"column":10},"end":{"line":73,"column":13}},"23":{"start":{"line":74,"column":15},"end":{"line":78,"column":9}},"24":{"start":{"line":75,"column":10},"end":{"line":77,"column":13}},"25":{"start":{"line":79,"column":8},"end":{"line":79,"column":15}},"26":{"start":{"line":81,"column":8},"end":{"line":83,"column":11}},"27":{"start":{"line":84,"column":8},"end":{"line":84,"column":15}},"28":{"start":{"line":90,"column":0},"end":{"line":127,"column":3}},"29":{"start":{"line":91,"column":21},"end":{"line":91,"column":42}},"30":{"start":{"line":93,"column":2},"end":{"line":126,"column":5}},"31":{"start":{"line":94,"column":4},"end":{"line":104,"column":5}},"32":{"start":{"line":95,"column":6},"end":{"line":95,"column":37}},"33":{"start":{"line":96,"column":6},"end":{"line":102,"column":7}},"34":{"start":{"line":97,"column":8},"end":{"line":97,"column":28}},"35":{"start":{"line":99,"column":8},"end":{"line":101,"column":11}},"36":{"start":{"line":103,"column":6},"end":{"line":103,"column":13}},"37":{"start":{"line":107,"column":4},"end":{"line":124,"column":5}},"38":{"start":{"line":108,"column":6},"end":{"line":118,"column":7}},"39":{"start":{"line":109,"column":8},"end":{"line":109,"column":28}},"40":{"start":{"line":110,"column":13},"end":{"line":118,"column":7}},"41":{"start":{"line":111,"column":8},"end":{"line":113,"column":11}},"42":{"start":{"line":114,"column":13},"end":{"line":118,"column":7}},"43":{"start":{"line":115,"column":8},"end":{"line":117,"column":11}},"44":{"start":{"line":119,"column":6},"end":{"line":119,"column":13}},"45":{"start":{"line":120,"column":11},"end":{"line":124,"column":5}},"46":{"start":{"line":121,"column":6},"end":{"line":123,"column":9}},"47":{"start":{"line":125,"column":4},"end":{"line":125,"column":11}},"48":{"start":{"line":129,"column":0},"end":{"line":129,"column":24}}},"fnMap":{"0":{"name":"(anonymous_0)","decl":{"start":{"line":14,"column":30},"end":{"line":14,"column":31}},"loc":{"start":{"line":14,"column":56},"end":{"line":33,"column":1}},"line":14},"1":{"name":"(anonymous_1)","decl":{"start":{"line":21,"column":38},"end":{"line":21,"column":39}},"loc":{"start":{"line":21,"column":53},"end":{"line":32,"column":3}},"line":21},"2":{"name":"(anonymous_2)","decl":{"start":{"line":52,"column":55},"end":{"line":52,"column":56}},"loc":{"start":{"line":52,"column":81},"end":{"line":88,"column":1}},"line":52},"3":{"name":"(anonymous_3)","decl":{"start":{"line":58,"column":33},"end":{"line":58,"column":34}},"loc":{"start":{"line":58,"column":48},"end":{"line":87,"column":3}},"line":58},"4":{"name":"(anonymous_4)","decl":{"start":{"line":90,"column":56},"end":{"line":90,"column":57}},"loc":{"start":{"line":90,"column":82},"end":{"line":127,"column":1}},"line":90},"5":{"name":"(anonymous_5)","decl":{"start":{"line":93,"column":36},"end":{"line":93,"column":37}},"loc":{"start":{"line":93,"column":51},"end":{"line":126,"column":3}},"line":93}},"branchMap":{"0":{"loc":{"start":{"line":22,"column":4},"end":{"line":31,"column":5}},"type":"if","locations":[{"start":{"line":22,"column":4},"end":{"line":31,"column":5}},{"start":{"line":22,"column":4},"end":{"line":31,"column":5}}],"line":22},"1":{"loc":{"start":{"line":59,"column":4},"end":{"line":86,"column":5}},"type":"if","locations":[{"start":{"line":59,"column":4},"end":{"line":86,"column":5}},{"start":{"line":59,"column":4},"end":{"line":86,"column":5}}],"line":59},"2":{"loc":{"start":{"line":67,"column":6},"end":{"line":85,"column":7}},"type":"if","locations":[{"start":{"line":67,"column":6},"end":{"line":85,"column":7}},{"start":{"line":67,"column":6},"end":{"line":85,"column":7}}],"line":67},"3":{"loc":{"start":{"line":68,"column":8},"end":{"line":78,"column":9}},"type":"if","locations":[{"start":{"line":68,"column":8},"end":{"line":78,"column":9}},{"start":{"line":68,"column":8},"end":{"line":78,"column":9}}],"line":68},"4":{"loc":{"start":{"line":68,"column":12},"end":{"line":68,"column":53}},"type":"binary-expr","locations":[{"start":{"line":68,"column":12},"end":{"line":68,"column":24}},{"start":{"line":68,"column":28},"end":{"line":68,"column":53}}],"line":68},"5":{"loc":{"start":{"line":70,"column":15},"end":{"line":78,"column":9}},"type":"if","locations":[{"start":{"line":70,"column":15},"end":{"line":78,"column":9}},{"start":{"line":70,"column":15},"end":{"line":78,"column":9}}],"line":70},"6":{"loc":{"start":{"line":70,"column":19},"end":{"line":70,"column":60}},"type":"binary-expr","locations":[{"start":{"line":70,"column":19},"end":{"line":70,"column":31}},{"start":{"line":70,"column":35},"end":{"line":70,"column":60}}],"line":70},"7":{"loc":{"start":{"line":74,"column":15},"end":{"line":78,"column":9}},"type":"if","locations":[{"start":{"line":74,"column":15},"end":{"line":78,"column":9}},{"start":{"line":74,"column":15},"end":{"line":78,"column":9}}],"line":74},"8":{"loc":{"start":{"line":94,"column":4},"end":{"line":104,"column":5}},"type":"if","locations":[{"start":{"line":94,"column":4},"end":{"line":104,"column":5}},{"start":{"line":94,"column":4},"end":{"line":104,"column":5}}],"line":94},"9":{"loc":{"start":{"line":96,"column":6},"end":{"line":102,"column":7}},"type":"if","locations":[{"start":{"line":96,"column":6},"end":{"line":102,"column":7}},{"start":{"line":96,"column":6},"end":{"line":102,"column":7}}],"line":96},"10":{"loc":{"start":{"line":107,"column":4},"end":{"line":124,"column":5}},"type":"if","locations":[{"start":{"line":107,"column":4},"end":{"line":124,"column":5}},{"start":{"line":107,"column":4},"end":{"line":124,"column":5}}],"line":107},"11":{"loc":{"start":{"line":108,"column":6},"end":{"line":118,"column":7}},"type":"if","locations":[{"start":{"line":108,"column":6},"end":{"line":118,"column":7}},{"start":{"line":108,"column":6},"end":{"line":118,"column":7}}],"line":108},"12":{"loc":{"start":{"line":108,"column":10},"end":{"line":108,"column":54}},"type":"binary-expr","locations":[{"start":{"line":108,"column":10},"end":{"line":108,"column":22}},{"start":{"line":108,"column":26},"end":{"line":108,"column":54}}],"line":108},"13":{"loc":{"start":{"line":110,"column":13},"end":{"line":118,"column":7}},"type":"if","locations":[{"start":{"line":110,"column":13},"end":{"line":118,"column":7}},{"start":{"line":110,"column":13},"end":{"line":118,"column":7}}],"line":110},"14":{"loc":{"start":{"line":110,"column":17},"end":{"line":110,"column":62}},"type":"binary-expr","locations":[{"start":{"line":110,"column":17},"end":{"line":110,"column":30}},{"start":{"line":110,"column":34},"end":{"line":110,"column":62}}],"line":110},"15":{"loc":{"start":{"line":114,"column":13},"end":{"line":118,"column":7}},"type":"if","locations":[{"start":{"line":114,"column":13},"end":{"line":118,"column":7}},{"start":{"line":114,"column":13},"end":{"line":118,"column":7}}],"line":114},"16":{"loc":{"start":{"line":120,"column":11},"end":{"line":124,"column":5}},"type":"if","locations":[{"start":{"line":120,"column":11},"end":{"line":124,"column":5}},{"start":{"line":120,"column":11},"end":{"line":124,"column":5}}],"line":120}},"s":{"0":1,"1":1,"2":0,"3":0,"4":0,"5":0,"6":0,"7":0,"8":0,"9":0,"10":1,"11":0,"12":0,"13":0,"14":0,"15":0,"16":0,"17":0,"18":0,"19":0,"20":0,"21":0,"22":0,"23":0,"24":0,"25":0,"26":0,"27":0,"28":1,"29":0,"30":0,"31":0,"32":0,"33":0,"34":0,"35":0,"36":0,"37":0,"38":0,"39":0,"40":0,"41":0,"42":0,"43":0,"44":0,"45":0,"46":0,"47":0,"48":1},"f":{"0":0,"1":0,"2":0,"3":0,"4":0,"5":0},"b":{"0":[0,0],"1":[0,0],"2":[0,0],"3":[0,0],"4":[0,0],"5":[0,0],"6":[0,0],"7":[0,0],"8":[0,0],"9":[0,0],"10":[0,0],"11":[0,0],"12":[0,0],"13":[0,0],"14":[0,0],"15":[0,0],"16":[0,0]},"_coverageSchema":"1a1c01bbd47fc00a2c39e90264f33305004495a9","hash":"2ff4a15755d1e94370b9c71d9d72689b6d550e45"}
,"/home/pth_ubuntu/lunarcat/epiclogue.back/routes/follow.js": {"path":"/home/pth_ubuntu/lunarcat/epiclogue.back/routes/follow.js","statementMap":{"0":{"start":{"line":2,"column":15},"end":{"line":4,"column":2}},"1":{"start":{"line":9,"column":0},"end":{"line":13,"column":3}},"2":{"start":{"line":10,"column":2},"end":{"line":12,"column":5}},"3":{"start":{"line":15,"column":0},"end":{"line":29,"column":3}},"4":{"start":{"line":16,"column":21},"end":{"line":19,"column":3}},"5":{"start":{"line":22,"column":2},"end":{"line":28,"column":5}},"6":{"start":{"line":23,"column":4},"end":{"line":26,"column":5}},"7":{"start":{"line":24,"column":6},"end":{"line":24,"column":41}},"8":{"start":{"line":25,"column":6},"end":{"line":25,"column":26}},"9":{"start":{"line":27,"column":4},"end":{"line":27,"column":24}},"10":{"start":{"line":31,"column":0},"end":{"line":45,"column":3}},"11":{"start":{"line":32,"column":21},"end":{"line":35,"column":3}},"12":{"start":{"line":38,"column":2},"end":{"line":44,"column":5}},"13":{"start":{"line":39,"column":4},"end":{"line":42,"column":5}},"14":{"start":{"line":40,"column":6},"end":{"line":40,"column":41}},"15":{"start":{"line":41,"column":6},"end":{"line":41,"column":26}},"16":{"start":{"line":43,"column":4},"end":{"line":43,"column":24}},"17":{"start":{"line":47,"column":0},"end":{"line":47,"column":24}}},"fnMap":{"0":{"name":"(anonymous_0)","decl":{"start":{"line":9,"column":29},"end":{"line":9,"column":30}},"loc":{"start":{"line":9,"column":55},"end":{"line":13,"column":1}},"line":9},"1":{"name":"(anonymous_1)","decl":{"start":{"line":15,"column":30},"end":{"line":15,"column":31}},"loc":{"start":{"line":15,"column":50},"end":{"line":29,"column":1}},"line":15},"2":{"name":"(anonymous_2)","decl":{"start":{"line":22,"column":28},"end":{"line":22,"column":29}},"loc":{"start":{"line":22,"column":43},"end":{"line":28,"column":3}},"line":22},"3":{"name":"(anonymous_3)","decl":{"start":{"line":31,"column":32},"end":{"line":31,"column":33}},"loc":{"start":{"line":31,"column":52},"end":{"line":45,"column":1}},"line":31},"4":{"name":"(anonymous_4)","decl":{"start":{"line":38,"column":30},"end":{"line":38,"column":31}},"loc":{"start":{"line":38,"column":45},"end":{"line":44,"column":3}},"line":38}},"branchMap":{"0":{"loc":{"start":{"line":23,"column":4},"end":{"line":26,"column":5}},"type":"if","locations":[{"start":{"line":23,"column":4},"end":{"line":26,"column":5}},{"start":{"line":23,"column":4},"end":{"line":26,"column":5}}],"line":23},"1":{"loc":{"start":{"line":39,"column":4},"end":{"line":42,"column":5}},"type":"if","locations":[{"start":{"line":39,"column":4},"end":{"line":42,"column":5}},{"start":{"line":39,"column":4},"end":{"line":42,"column":5}}],"line":39}},"s":{"0":1,"1":1,"2":0,"3":1,"4":0,"5":0,"6":0,"7":0,"8":0,"9":0,"10":1,"11":0,"12":0,"13":0,"14":0,"15":0,"16":0,"17":1},"f":{"0":0,"1":0,"2":0,"3":0,"4":0},"b":{"0":[0,0],"1":[0,0]},"_coverageSchema":"1a1c01bbd47fc00a2c39e90264f33305004495a9","hash":"b00e0e2038fee7445995a6ad27cf4edd9e98ddbb"}
,"/home/pth_ubuntu/lunarcat/epiclogue.back/routes/index.js": {"path":"/home/pth_ubuntu/lunarcat/epiclogue.back/routes/index.js","statementMap":{"0":{"start":{"line":1,"column":14},"end":{"line":1,"column":32}},"1":{"start":{"line":2,"column":13},"end":{"line":2,"column":29}},"2":{"start":{"line":4,"column":14},"end":{"line":4,"column":40}},"3":{"start":{"line":5,"column":17},"end":{"line":5,"column":46}},"4":{"start":{"line":6,"column":14},"end":{"line":6,"column":40}},"5":{"start":{"line":7,"column":15},"end":{"line":7,"column":42}},"6":{"start":{"line":8,"column":37},"end":{"line":8,"column":63}},"7":{"start":{"line":9,"column":21},"end":{"line":9,"column":39}},"8":{"start":{"line":13,"column":0},"end":{"line":18,"column":3}},"9":{"start":{"line":14,"column":2},"end":{"line":17,"column":5}},"10":{"start":{"line":21,"column":0},"end":{"line":34,"column":2}},"11":{"start":{"line":22,"column":21},"end":{"line":25,"column":3}},"12":{"start":{"line":27,"column":2},"end":{"line":33,"column":4}},"13":{"start":{"line":28,"column":4},"end":{"line":30,"column":5}},"14":{"start":{"line":29,"column":6},"end":{"line":29,"column":40}},"15":{"start":{"line":31,"column":4},"end":{"line":31,"column":85}},"16":{"start":{"line":32,"column":4},"end":{"line":32,"column":24}},"17":{"start":{"line":36,"column":0},"end":{"line":49,"column":2}},"18":{"start":{"line":37,"column":23},"end":{"line":40,"column":3}},"19":{"start":{"line":42,"column":2},"end":{"line":48,"column":4}},"20":{"start":{"line":43,"column":4},"end":{"line":45,"column":5}},"21":{"start":{"line":44,"column":6},"end":{"line":44,"column":40}},"22":{"start":{"line":46,"column":4},"end":{"line":46,"column":87}},"23":{"start":{"line":47,"column":4},"end":{"line":47,"column":24}},"24":{"start":{"line":52,"column":0},"end":{"line":66,"column":3}},"25":{"start":{"line":53,"column":19},"end":{"line":57,"column":3}},"26":{"start":{"line":58,"column":2},"end":{"line":65,"column":4}},"27":{"start":{"line":59,"column":4},"end":{"line":64,"column":5}},"28":{"start":{"line":60,"column":6},"end":{"line":60,"column":35}},"29":{"start":{"line":61,"column":6},"end":{"line":61,"column":26}},"30":{"start":{"line":63,"column":6},"end":{"line":63,"column":26}},"31":{"start":{"line":68,"column":0},"end":{"line":77,"column":3}},"32":{"start":{"line":69,"column":2},"end":{"line":76,"column":4}},"33":{"start":{"line":70,"column":4},"end":{"line":75,"column":5}},"34":{"start":{"line":71,"column":6},"end":{"line":71,"column":35}},"35":{"start":{"line":72,"column":6},"end":{"line":72,"column":26}},"36":{"start":{"line":74,"column":6},"end":{"line":74,"column":26}},"37":{"start":{"line":79,"column":0},"end":{"line":79,"column":24}}},"fnMap":{"0":{"name":"(anonymous_0)","decl":{"start":{"line":13,"column":16},"end":{"line":13,"column":17}},"loc":{"start":{"line":13,"column":42},"end":{"line":18,"column":1}},"line":13},"1":{"name":"(anonymous_1)","decl":{"start":{"line":21,"column":36},"end":{"line":21,"column":37}},"loc":{"start":{"line":21,"column":56},"end":{"line":34,"column":1}},"line":21},"2":{"name":"(anonymous_2)","decl":{"start":{"line":27,"column":28},"end":{"line":27,"column":29}},"loc":{"start":{"line":27,"column":43},"end":{"line":33,"column":3}},"line":27},"3":{"name":"(anonymous_3)","decl":{"start":{"line":36,"column":38},"end":{"line":36,"column":39}},"loc":{"start":{"line":36,"column":58},"end":{"line":49,"column":1}},"line":36},"4":{"name":"(anonymous_4)","decl":{"start":{"line":42,"column":32},"end":{"line":42,"column":33}},"loc":{"start":{"line":42,"column":47},"end":{"line":48,"column":3}},"line":42},"5":{"name":"(anonymous_5)","decl":{"start":{"line":52,"column":34},"end":{"line":52,"column":35}},"loc":{"start":{"line":52,"column":54},"end":{"line":66,"column":1}},"line":52},"6":{"name":"(anonymous_6)","decl":{"start":{"line":58,"column":22},"end":{"line":58,"column":23}},"loc":{"start":{"line":58,"column":37},"end":{"line":65,"column":3}},"line":58},"7":{"name":"(anonymous_7)","decl":{"start":{"line":68,"column":36},"end":{"line":68,"column":37}},"loc":{"start":{"line":68,"column":68},"end":{"line":77,"column":1}},"line":68},"8":{"name":"(anonymous_8)","decl":{"start":{"line":69,"column":29},"end":{"line":69,"column":30}},"loc":{"start":{"line":69,"column":44},"end":{"line":76,"column":3}},"line":69}},"branchMap":{"0":{"loc":{"start":{"line":28,"column":4},"end":{"line":30,"column":5}},"type":"if","locations":[{"start":{"line":28,"column":4},"end":{"line":30,"column":5}},{"start":{"line":28,"column":4},"end":{"line":30,"column":5}}],"line":28},"1":{"loc":{"start":{"line":43,"column":4},"end":{"line":45,"column":5}},"type":"if","locations":[{"start":{"line":43,"column":4},"end":{"line":45,"column":5}},{"start":{"line":43,"column":4},"end":{"line":45,"column":5}}],"line":43},"2":{"loc":{"start":{"line":59,"column":4},"end":{"line":64,"column":5}},"type":"if","locations":[{"start":{"line":59,"column":4},"end":{"line":64,"column":5}},{"start":{"line":59,"column":4},"end":{"line":64,"column":5}}],"line":59},"3":{"loc":{"start":{"line":70,"column":4},"end":{"line":75,"column":5}},"type":"if","locations":[{"start":{"line":70,"column":4},"end":{"line":75,"column":5}},{"start":{"line":70,"column":4},"end":{"line":75,"column":5}}],"line":70}},"s":{"0":1,"1":1,"2":1,"3":1,"4":1,"5":1,"6":1,"7":1,"8":1,"9":1,"10":1,"11":0,"12":0,"13":0,"14":0,"15":0,"16":0,"17":1,"18":0,"19":0,"20":0,"21":0,"22":0,"23":0,"24":1,"25":0,"26":0,"27":0,"28":0,"29":0,"30":0,"31":1,"32":0,"33":0,"34":0,"35":0,"36":0,"37":1},"f":{"0":1,"1":0,"2":0,"3":0,"4":0,"5":0,"6":0,"7":0,"8":0},"b":{"0":[0,0],"1":[0,0],"2":[0,0],"3":[0,0]},"_coverageSchema":"1a1c01bbd47fc00a2c39e90264f33305004495a9","hash":"afe999cf01975be64ac33fc28e635b658a8d7e51"}
,"/home/pth_ubuntu/lunarcat/epiclogue.back/routes/like.js": {"path":"/home/pth_ubuntu/lunarcat/epiclogue.back/routes/like.js","statementMap":{"0":{"start":{"line":2,"column":15},"end":{"line":4,"column":2}},"1":{"start":{"line":5,"column":24},"end":{"line":5,"column":50}},"2":{"start":{"line":6,"column":13},"end":{"line":6,"column":38}},"3":{"start":{"line":7,"column":17},"end":{"line":7,"column":46}},"4":{"start":{"line":8,"column":14},"end":{"line":8,"column":40}},"5":{"start":{"line":9,"column":14},"end":{"line":9,"column":40}},"6":{"start":{"line":10,"column":14},"end":{"line":10,"column":40}},"7":{"start":{"line":18,"column":0},"end":{"line":42,"column":3}},"8":{"start":{"line":19,"column":19},"end":{"line":23,"column":3}},"9":{"start":{"line":25,"column":2},"end":{"line":41,"column":3}},"10":{"start":{"line":26,"column":19},"end":{"line":26,"column":44}},"11":{"start":{"line":27,"column":4},"end":{"line":34,"column":5}},"12":{"start":{"line":28,"column":24},"end":{"line":32,"column":7}},"13":{"start":{"line":33,"column":6},"end":{"line":33,"column":35}},"14":{"start":{"line":35,"column":4},"end":{"line":35,"column":24}},"15":{"start":{"line":37,"column":4},"end":{"line":37,"column":21}},"16":{"start":{"line":38,"column":4},"end":{"line":40,"column":6}},"17":{"start":{"line":44,"column":0},"end":{"line":64,"column":3}},"18":{"start":{"line":45,"column":19},"end":{"line":49,"column":3}},"19":{"start":{"line":51,"column":2},"end":{"line":63,"column":3}},"20":{"start":{"line":52,"column":19},"end":{"line":52,"column":46}},"21":{"start":{"line":53,"column":4},"end":{"line":58,"column":5}},"22":{"start":{"line":54,"column":21},"end":{"line":54,"column":35}},"23":{"start":{"line":55,"column":22},"end":{"line":55,"column":39}},"24":{"start":{"line":57,"column":6},"end":{"line":57,"column":42}},"25":{"start":{"line":59,"column":4},"end":{"line":59,"column":24}},"26":{"start":{"line":61,"column":4},"end":{"line":61,"column":19}},"27":{"start":{"line":62,"column":4},"end":{"line":62,"column":28}},"28":{"start":{"line":66,"column":0},"end":{"line":115,"column":3}},"29":{"start":{"line":67,"column":17},"end":{"line":67,"column":36}},"30":{"start":{"line":68,"column":19},"end":{"line":68,"column":21}},"31":{"start":{"line":70,"column":2},"end":{"line":114,"column":7}},"32":{"start":{"line":73,"column":6},"end":{"line":104,"column":7}},"33":{"start":{"line":74,"column":8},"end":{"line":103,"column":9}},"34":{"start":{"line":75,"column":10},"end":{"line":82,"column":13}},"35":{"start":{"line":76,"column":12},"end":{"line":80,"column":13}},"36":{"start":{"line":77,"column":14},"end":{"line":77,"column":33}},"37":{"start":{"line":78,"column":14},"end":{"line":78,"column":34}},"38":{"start":{"line":79,"column":14},"end":{"line":79,"column":21}},"39":{"start":{"line":81,"column":12},"end":{"line":81,"column":34}},"40":{"start":{"line":84,"column":15},"end":{"line":103,"column":9}},"41":{"start":{"line":85,"column":10},"end":{"line":92,"column":13}},"42":{"start":{"line":86,"column":12},"end":{"line":90,"column":13}},"43":{"start":{"line":87,"column":14},"end":{"line":87,"column":33}},"44":{"start":{"line":88,"column":14},"end":{"line":88,"column":34}},"45":{"start":{"line":89,"column":14},"end":{"line":89,"column":21}},"46":{"start":{"line":91,"column":12},"end":{"line":91,"column":34}},"47":{"start":{"line":93,"column":15},"end":{"line":103,"column":9}},"48":{"start":{"line":94,"column":10},"end":{"line":102,"column":13}},"49":{"start":{"line":95,"column":12},"end":{"line":99,"column":13}},"50":{"start":{"line":96,"column":14},"end":{"line":96,"column":33}},"51":{"start":{"line":97,"column":14},"end":{"line":97,"column":34}},"52":{"start":{"line":98,"column":14},"end":{"line":98,"column":21}},"53":{"start":{"line":100,"column":12},"end":{"line":100,"column":33}},"54":{"start":{"line":101,"column":12},"end":{"line":101,"column":34}},"55":{"start":{"line":105,"column":6},"end":{"line":105,"column":22}},"56":{"start":{"line":108,"column":6},"end":{"line":108,"column":29}},"57":{"start":{"line":109,"column":6},"end":{"line":109,"column":38}},"58":{"start":{"line":112,"column":6},"end":{"line":112,"column":25}},"59":{"start":{"line":113,"column":6},"end":{"line":113,"column":26}},"60":{"start":{"line":117,"column":0},"end":{"line":117,"column":24}}},"fnMap":{"0":{"name":"(anonymous_0)","decl":{"start":{"line":18,"column":30},"end":{"line":18,"column":31}},"loc":{"start":{"line":18,"column":56},"end":{"line":42,"column":1}},"line":18},"1":{"name":"(anonymous_1)","decl":{"start":{"line":44,"column":32},"end":{"line":44,"column":33}},"loc":{"start":{"line":44,"column":58},"end":{"line":64,"column":1}},"line":44},"2":{"name":"(anonymous_2)","decl":{"start":{"line":66,"column":16},"end":{"line":66,"column":17}},"loc":{"start":{"line":66,"column":36},"end":{"line":115,"column":1}},"line":66},"3":{"name":"(anonymous_3)","decl":{"start":{"line":72,"column":10},"end":{"line":72,"column":11}},"loc":{"start":{"line":72,"column":38},"end":{"line":106,"column":5}},"line":72},"4":{"name":"(anonymous_4)","decl":{"start":{"line":75,"column":45},"end":{"line":75,"column":46}},"loc":{"start":{"line":75,"column":62},"end":{"line":82,"column":11}},"line":75},"5":{"name":"(anonymous_5)","decl":{"start":{"line":85,"column":48},"end":{"line":85,"column":49}},"loc":{"start":{"line":85,"column":65},"end":{"line":92,"column":11}},"line":85},"6":{"name":"(anonymous_6)","decl":{"start":{"line":94,"column":45},"end":{"line":94,"column":46}},"loc":{"start":{"line":94,"column":62},"end":{"line":102,"column":11}},"line":94},"7":{"name":"(anonymous_7)","decl":{"start":{"line":107,"column":10},"end":{"line":107,"column":11}},"loc":{"start":{"line":107,"column":25},"end":{"line":110,"column":5}},"line":107},"8":{"name":"(anonymous_8)","decl":{"start":{"line":111,"column":11},"end":{"line":111,"column":12}},"loc":{"start":{"line":111,"column":20},"end":{"line":114,"column":5}},"line":111}},"branchMap":{"0":{"loc":{"start":{"line":27,"column":4},"end":{"line":34,"column":5}},"type":"if","locations":[{"start":{"line":27,"column":4},"end":{"line":34,"column":5}},{"start":{"line":27,"column":4},"end":{"line":34,"column":5}}],"line":27},"1":{"loc":{"start":{"line":53,"column":4},"end":{"line":58,"column":5}},"type":"if","locations":[{"start":{"line":53,"column":4},"end":{"line":58,"column":5}},{"start":{"line":53,"column":4},"end":{"line":58,"column":5}}],"line":53},"2":{"loc":{"start":{"line":74,"column":8},"end":{"line":103,"column":9}},"type":"if","locations":[{"start":{"line":74,"column":8},"end":{"line":103,"column":9}},{"start":{"line":74,"column":8},"end":{"line":103,"column":9}}],"line":74},"3":{"loc":{"start":{"line":76,"column":12},"end":{"line":80,"column":13}},"type":"if","locations":[{"start":{"line":76,"column":12},"end":{"line":80,"column":13}},{"start":{"line":76,"column":12},"end":{"line":80,"column":13}}],"line":76},"4":{"loc":{"start":{"line":84,"column":15},"end":{"line":103,"column":9}},"type":"if","locations":[{"start":{"line":84,"column":15},"end":{"line":103,"column":9}},{"start":{"line":84,"column":15},"end":{"line":103,"column":9}}],"line":84},"5":{"loc":{"start":{"line":86,"column":12},"end":{"line":90,"column":13}},"type":"if","locations":[{"start":{"line":86,"column":12},"end":{"line":90,"column":13}},{"start":{"line":86,"column":12},"end":{"line":90,"column":13}}],"line":86},"6":{"loc":{"start":{"line":93,"column":15},"end":{"line":103,"column":9}},"type":"if","locations":[{"start":{"line":93,"column":15},"end":{"line":103,"column":9}},{"start":{"line":93,"column":15},"end":{"line":103,"column":9}}],"line":93},"7":{"loc":{"start":{"line":95,"column":12},"end":{"line":99,"column":13}},"type":"if","locations":[{"start":{"line":95,"column":12},"end":{"line":99,"column":13}},{"start":{"line":95,"column":12},"end":{"line":99,"column":13}}],"line":95}},"s":{"0":1,"1":1,"2":1,"3":1,"4":1,"5":1,"6":1,"7":1,"8":0,"9":0,"10":0,"11":0,"12":0,"13":0,"14":0,"15":0,"16":0,"17":1,"18":0,"19":0,"20":0,"21":0,"22":0,"23":0,"24":0,"25":0,"26":0,"27":0,"28":1,"29":0,"30":0,"31":0,"32":0,"33":0,"34":0,"35":0,"36":0,"37":0,"38":0,"39":0,"40":0,"41":0,"42":0,"43":0,"44":0,"45":0,"46":0,"47":0,"48":0,"49":0,"50":0,"51":0,"52":0,"53":0,"54":0,"55":0,"56":0,"57":0,"58":0,"59":0,"60":1},"f":{"0":0,"1":0,"2":0,"3":0,"4":0,"5":0,"6":0,"7":0,"8":0},"b":{"0":[0,0],"1":[0,0],"2":[0,0],"3":[0,0],"4":[0,0],"5":[0,0],"6":[0,0],"7":[0,0]},"_coverageSchema":"1a1c01bbd47fc00a2c39e90264f33305004495a9","hash":"dff11a4252cda1eb1a0fd9654ce7399a2ecbc58a"}
,"/home/pth_ubuntu/lunarcat/epiclogue.back/routes/mailer.js": {"path":"/home/pth_ubuntu/lunarcat/epiclogue.back/routes/mailer.js","statementMap":{"0":{"start":{"line":1,"column":15},"end":{"line":1,"column":36}},"1":{"start":{"line":2,"column":0},"end":{"line":2,"column":27}},"2":{"start":{"line":4,"column":20},"end":{"line":11,"column":2}},"3":{"start":{"line":13,"column":0},"end":{"line":13,"column":29}}},"fnMap":{},"branchMap":{},"s":{"0":1,"1":1,"2":1,"3":1},"f":{},"b":{},"_coverageSchema":"1a1c01bbd47fc00a2c39e90264f33305004495a9","hash":"d1db7ae36c6aa3955fc4fb6a72448d1c730b094c"}
[...]
"line":9,"column":41}},"9":{"start":{"line":10,"column":27},"end":{"line":10,"column":61}},"10":{"start":{"line":11,"column":22},"end":{"line":11,"column":51}},"11":{"start":{"line":12,"column":22},"end":{"line":12,"column":48}},"12":{"start":{"line":13,"column":20},"end":{"line":13,"column":39}},"13":{"start":{"line":14,"column":15},"end":{"line":14,"column":42}},"14":{"start":{"line":17,"column":0},"end":{"line":22,"column":3}},"15":{"start":{"line":18,"column":2},"end":{"line":21,"column":5}},"16":{"start":{"line":24,"column":0},"end":{"line":26,"column":2}},"17":{"start":{"line":25,"column":2},"end":{"line":25,"column":22}},"18":{"start":{"line":28,"column":0},"end":{"line":67,"column":2}},"19":{"start":{"line":29,"column":16},"end":{"line":29,"column":33}},"20":{"start":{"line":30,"column":17},"end":{"line":30,"column":35}},"21":{"start":{"line":32,"column":15},"end":{"line":32,"column":41}},"22":{"start":{"line":33,"column":2},"end":{"line":66,"column":3}},"23":{"start":{"line":34,"column":21},"end":{"line":34,"column":83}},"24":{"start":{"line":36,"column":19},"end":{"line":36,"column":75}},"25":{"start":{"line":37,"column":4},"end":{"line":59,"column":5}},"26":{"start":{"line":38,"column":20},"end":{"line":45,"column":8}},"27":{"start":{"line":47,"column":6},"end":{"line":53,"column":9}},"28":{"start":{"line":55,"column":6},"end":{"line":58,"column":8}},"29":{"start":{"line":62,"column":4},"end":{"line":65,"column":6}},"30":{"start":{"line":69,"column":0},"end":{"line":74,"column":2}},"31":{"start":{"line":70,"column":2},"end":{"line":73,"column":4}},"32":{"start":{"line":76,"column":0},"end":{"line":153,"column":2}},"33":{"start":{"line":77,"column":16},"end":{"line":77,"column":33}},"34":{"start":{"line":78,"column":17},"end":{"line":78,"column":35}},"35":{"start":{"line":79,"column":19},"end":{"line":79,"column":39}},"36":{"start":{"line":80,"column":15},"end":{"line":80,"column":35}},"37":{"start":{"line":81,"column":16},"end":{"line":81,"column":95}},"38":{"start":{"line":83,"column":2},"end":{"line":152,"column":3}},"39":{"start":{"line":84,"column":4},"end":{"line":146,"column":7}},"40":{"start":{"line":86,"column":10},"end":{"line":92,"column":11}},"41":{"start":{"line":87,"column":12},"end":{"line":90,"column":15}},"42":{"start":{"line":91,"column":12},"end":{"line":91,"column":19}},"43":{"start":{"line":93,"column":30},"end":{"line":93,"column":104}},"44":{"start":{"line":94,"column":23},"end":{"line":94,"column":51}},"45":{"start":{"line":95,"column":27},"end":{"line":95,"column":100}},"46":{"start":{"line":96,"column":29},"end":{"line":96,"column":69}},"47":{"start":{"line":97,"column":25},"end":{"line":104,"column":12}},"48":{"start":{"line":105,"column":10},"end":{"line":140,"column":11}},"49":{"start":{"line":106,"column":27},"end":{"line":113,"column":13}},"50":{"start":{"line":115,"column":12},"end":{"line":133,"column":14}},"51":{"start":{"line":116,"column":14},"end":{"line":132,"column":15}},"52":{"start":{"line":117,"column":16},"end":{"line":117,"column":35}},"53":{"start":{"line":118,"column":16},"end":{"line":121,"column":19}},"54":{"start":{"line":123,"column":16},"end":{"line":123,"column":43}},"55":{"start":{"line":124,"column":16},"end":{"line":131,"column":18}},"56":{"start":{"line":136,"column":12},"end":{"line":139,"column":14}},"57":{"start":{"line":142,"column":8},"end":{"line":145,"column":10}},"58":{"start":{"line":148,"column":4},"end":{"line":151,"column":6}},"59":{"start":{"line":155,"column":0},"end":{"line":171,"column":2}},"60":{"start":{"line":156,"column":16},"end":{"line":156,"column":31}},"61":{"start":{"line":157,"column":16},"end":{"line":157,"column":31}},"62":{"start":{"line":158,"column":17},"end":{"line":158,"column":54}},"63":{"start":{"line":159,"column":2},"end":{"line":170,"column":3}},"64":{"start":{"line":160,"column":4},"end":{"line":160,"column":34}},"65":{"start":{"line":161,"column":4},"end":{"line":163,"column":7}},"66":{"start":{"line":166,"column":4},"end":{"line":169,"column":6}},"67":{"start":{"line":173,"column":0},"end":{"line":188,"column":2}},"68":{"start":{"line":174,"column":14},"end":{"line":174,"column":28}},"69":{"start":{"line":175,"column":17},"end":{"line":175,"column":45}},"70":{"start":{"line":176,"column":2},"end":{"line":187,"column":4}},"71":{"start":{"line":190,"column":0},"end":{"line":251,"column":3}},"72":{"start":{"line":195,"column":14},"end":{"line":195,"column":28}},"73":{"start":{"line":196,"column":17},"end":{"line":196,"column":35}},"74":{"start":{"line":197,"column":15},"end":{"line":197,"column":35}},"75":{"start":{"line":198,"column":18},"end":{"line":198,"column":41}},"76":{"start":{"line":199,"column":15},"end":{"line":199,"column":35}},"77":{"start":{"line":200,"column":16},"end":{"line":200,"column":37}},"78":{"start":{"line":203,"column":2},"end":{"line":217,"column":3}},"79":{"start":{"line":204,"column":4},"end":{"line":210,"column":5}},"80":{"start":{"line":205,"column":6},"end":{"line":205,"column":35}},"81":{"start":{"line":206,"column":6},"end":{"line":206,"column":35}},"82":{"start":{"line":208,"column":6},"end":{"line":208,"column":35}},"83":{"start":{"line":209,"column":6},"end":{"line":209,"column":35}},"84":{"start":{"line":211,"column":9},"end":{"line":217,"column":3}},"85":{"start":{"line":212,"column":4},"end":{"line":216,"column":5}},"86":{"start":{"line":213,"column":6},"end":{"line":213,"column":35}},"87":{"start":{"line":215,"column":6},"end":{"line":215,"column":35}},"88":{"start":{"line":218,"column":2},"end":{"line":218,"column":24}},"89":{"start":{"line":219,"column":18},"end":{"line":219,"column":48}},"90":{"start":{"line":220,"column":2},"end":{"line":250,"column":3}},"91":{"start":{"line":221,"column":19},"end":{"line":244,"column":5}},"92":{"start":{"line":233,"column":8},"end":{"line":242,"column":9}},"93":{"start":{"line":234,"column":10},"end":{"line":237,"column":13}},"94":{"start":{"line":239,"column":10},"end":{"line":241,"column":13}},"95":{"start":{"line":246,"column":4},"end":{"line":249,"column":7}},"96":{"start":{"line":253,"column":0},"end":{"line":259,"column":2}},"97":{"start":{"line":255,"column":2},"end":{"line":258,"column":4}},"98":{"start":{"line":261,"column":0},"end":{"line":307,"column":2}},"99":{"start":{"line":263,"column":14},"end":{"line":263,"column":28}},"100":{"start":{"line":264,"column":17},"end":{"line":264,"column":35}},"101":{"start":{"line":265,"column":20},"end":{"line":265,"column":41}},"102":{"start":{"line":266,"column":22},"end":{"line":266,"column":45}},"103":{"start":{"line":267,"column":2},"end":{"line":306,"column":3}},"104":{"start":{"line":268,"column":4},"end":{"line":299,"column":5}},"105":{"start":{"line":269,"column":20},"end":{"line":269,"column":102}},"106":{"start":{"line":271,"column":6},"end":{"line":292,"column":7}},"107":{"start":{"line":272,"column":23},"end":{"line":272,"column":51}},"108":{"start":{"line":273,"column":26},"end":{"line":273,"column":54}},"109":{"start":{"line":274,"column":27},"end":{"line":274,"column":89}},"110":{"start":{"line":275,"column":30},"end":{"line":275,"column":109}},"111":{"start":{"line":276,"column":25},"end":{"line":276,"column":141}},"112":{"start":{"line":277,"column":10},"end":{"line":286,"column":11}},"113":{"start":{"line":278,"column":14},"end":{"line":280,"column":16}},"114":{"start":{"line":282,"column":12},"end":{"line":285,"column":14}},"115":{"start":{"line":288,"column":8},"end":{"line":291,"column":10}},"116":{"start":{"line":295,"column":6},"end":{"line":298,"column":8}},"117":{"start":{"line":302,"column":4},"end":{"line":305,"column":6}},"118":{"start":{"line":309,"column":0},"end":{"line":335,"column":3}},"119":{"start":{"line":311,"column":14},"end":{"line":311,"column":28}},"120":{"start":{"line":312,"column":17},"end":{"line":312,"column":35}},"121":{"start":{"line":314,"column":15},"end":{"line":314,"column":43}},"122":{"start":{"line":316,"column":19},"end":{"line":322,"column":3}},"123":{"start":{"line":324,"column":17},"end":{"line":324,"column":73}},"124":{"start":{"line":325,"column":2},"end":{"line":334,"column":3}},"125":{"start":{"line":326,"column":4},"end":{"line":328,"column":7}},"126":{"start":{"line":330,"column":4},"end":{"line":333,"column":7}},"127":{"start":{"line":337,"column":0},"end":{"line":362,"column":3}},"128":{"start":{"line":338,"column":17},"end":{"line":338,"column":34}},"129":{"start":{"line":339,"column":18},"end":{"line":339,"column":20}},"130":{"start":{"line":341,"column":2},"end":{"line":361,"column":7}},"131":{"start":{"line":345,"column":6},"end":{"line":345,"column":26}},"132":{"start":{"line":346,"column":6},"end":{"line":352,"column":7}},"133":{"start":{"line":347,"column":19},"end":{"line":350,"column":10}},"134":{"start":{"line":351,"column":8},"end":{"line":351,"column":27}},"135":{"start":{"line":353,"column":6},"end":{"line":353,"column":21}},"136":{"start":{"line":356,"column":6},"end":{"line":356,"column":33}},"137":{"start":{"line":359,"column":6},"end":{"line":359,"column":25}},"138":{"start":{"line":360,"column":6},"end":{"line":360,"column":41}},"139":{"start":{"line":364,"column":0},"end":{"line":388,"column":3}},"140":{"start":{"line":365,"column":17},"end":{"line":365,"column":34}},"141":{"start":{"line":366,"column":18},"end":{"line":366,"column":20}},"142":{"start":{"line":368,"column":2},"end":{"line":387,"column":7}},"143":{"start":{"line":372,"column":6},"end":{"line":378,"column":7}},"144":{"start":{"line":373,"column":19},"end":{"line":376,"column":10}},"145":{"start":{"line":377,"column":8},"end":{"line":377,"column":27}},"146":{"start":{"line":379,"column":6},"end":{"line":379,"column":21}},"147":{"start":{"line":382,"column":6},"end":{"line":382,"column":33}},"148":{"start":{"line":385,"column":6},"end":{"line":385,"column":25}},"149":{"start":{"line":386,"column":6},"end":{"line":386,"column":41}},"150":{"start":{"line":390,"column":0},"end":{"line":390,"column":24}}},"fnMap":{"0":{"name":"(anonymous_0)","decl":{"start":{"line":17,"column":22},"end":{"line":17,"column":23}},"loc":{"start":{"line":17,"column":47},"end":{"line":22,"column":1}},"line":17},"1":{"name":"(anonymous_1)","decl":{"start":{"line":24,"column":21},"end":{"line":24,"column":22}},"loc":{"start":{"line":24,"column":46},"end":{"line":26,"column":1}},"line":24},"2":{"name":"(anonymous_2)","decl":{"start":{"line":28,"column":22},"end":{"line":28,"column":23}},"loc":{"start":{"line":28,"column":53},"end":{"line":67,"column":1}},"line":28},"3":{"name":"(anonymous_3)","decl":{"start":{"line":69,"column":20},"end":{"line":69,"column":21}},"loc":{"start":{"line":69,"column":45},"end":{"line":74,"column":1}},"line":69},"4":{"name":"(anonymous_4)","decl":{"start":{"line":76,"column":21},"end":{"line":76,"column":22}},"loc":{"start":{"line":76,"column":52},"end":{"line":153,"column":1}},"line":76},"5":{"name":"(anonymous_5)","decl":{"start":{"line":115,"column":41},"end":{"line":115,"column":42}},"loc":{"start":{"line":115,"column":63},"end":{"line":133,"column":13}},"line":115},"6":{"name":"(anonymous_6)","decl":{"start":{"line":155,"column":24},"end":{"line":155,"column":25}},"loc":{"start":{"line":155,"column":55},"end":{"line":171,"column":1}},"line":155},"7":{"name":"(anonymous_7)","decl":{"start":{"line":173,"column":40},"end":{"line":173,"column":41}},"loc":{"start":{"line":173,"column":71},"end":{"line":188,"column":1}},"line":173},"8":{"name":"(anonymous_8)","decl":{"start":{"line":190,"column":56},"end":{"line":190,"column":57}},"loc":{"start":{"line":194,"column":2},"end":{"line":251,"column":1}},"line":194},"9":{"name":"(anonymous_9)","decl":{"start":{"line":232,"column":6},"end":{"line":232,"column":7}},"loc":{"start":{"line":232,"column":21},"end":{"line":243,"column":7}},"line":232},"10":{"name":"(anonymous_10)","decl":{"start":{"line":253,"column":26},"end":{"line":253,"column":27}},"loc":{"start":{"line":253,"column":51},"end":{"line":259,"column":1}},"line":253},"11":{"name":"(anonymous_11)","decl":{"start":{"line":261,"column":40},"end":{"line":261,"column":41}},"loc":{"start":{"line":261,"column":71},"end":{"line":307,"column":1}},"line":261},"12":{"name":"(anonymous_12)","decl":{"start":{"line":309,"column":32},"end":{"line":309,"column":33}},"loc":{"start":{"line":309,"column":64},"end":{"line":335,"column":1}},"line":309},"13":{"name":"(anonymous_13)","decl":{"start":{"line":337,"column":33},"end":{"line":337,"column":34}},"loc":{"start":{"line":337,"column":53},"end":{"line":362,"column":1}},"line":337},"14":{"name":"(anonymous_14)","decl":{"start":{"line":343,"column":10},"end":{"line":343,"column":11}},"loc":{"start":{"line":343,"column":28},"end":{"line":354,"column":5}},"line":343},"15":{"name":"(anonymous_15)","decl":{"start":{"line":355,"column":10},"end":{"line":355,"column":11}},"loc":{"start":{"line":355,"column":20},"end":{"line":357,"column":5}},"line":355},"16":{"name":"(anonymous_16)","decl":{"start":{"line":358,"column":11},"end":{"line":358,"column":12}},"loc":{"start":{"line":358,"column":20},"end":{"line":361,"column":5}},"line":358},"17":{"name":"(anonymous_17)","decl":{"start":{"line":364,"column":32},"end":{"line":364,"column":33}},"loc":{"start":{"line":364,"column":52},"end":{"line":388,"column":1}},"line":364},"18":{"name":"(anonymous_18)","decl":{"start":{"line":370,"column":10},"end":{"line":370,"column":11}},"loc":{"start":{"line":370,"column":28},"end":{"line":380,"column":5}},"line":370},"19":{"name":"(anonymous_19)","decl":{"start":{"line":381,"column":10},"end":{"line":381,"column":11}},"loc":{"start":{"line":381,"column":20},"end":{"line":383,"column":5}},"line":381},"20":{"name":"(anonymous_20)","decl":{"start":{"line":384,"column":11},"end":{"line":384,"column":12}},"loc":{"start":{"line":384,"column":20},"end":{"line":387,"column":5}},"line":384}},"branchMap":{"0":{"loc":{"start":{"line":33,"column":2},"end":{"line":66,"column":3}},"type":"if","locations":[{"start":{"line":33,"column":2},"end":{"line":66,"column":3}},{"start":{"line":33,"column":2},"end":{"line":66,"column":3}}],"line":33},"1":{"loc":{"start":{"line":37,"column":4},"end":{"line":59,"column":5}},"type":"if","locations":[{"start":{"line":37,"column":4},"end":{"line":59,"column":5}},{"start":{"line":37,"column":4},"end":{"line":59,"column":5}}],"line":37},"2":{"loc":{"start":{"line":83,"column":2},"end":{"line":152,"column":3}},"type":"if","locations":[{"start":{"line":83,"column":2},"end":{"line":152,"column":3}},{"start":{"line":83,"column":2},"end":{"line":152,"column":3}}],"line":83},"3":{"loc":{"start":{"line":84,"column":4},"end":{"line":146,"column":7}},"type":"if","locations":[{"start":{"line":84,"column":4},"end":{"line":146,"column":7}},{"start":{"line":84,"column":4},"end":{"line":146,"column":7}}],"line":84},"4":{"loc":{"start":{"line":86,"column":10},"end":{"line":92,"column":11}},"type":"if","locations":[{"start":{"line":86,"column":10},"end":{"line":92,"column":11}},{"start":{"line":86,"column":10},"end":{"line":92,"column":11}}],"line":86},"5":{"loc":{"start":{"line":105,"column":10},"end":{"line":140,"column":11}},"type":"if","locations":[{"start":{"line":105,"column":10},"end":{"line":140,"column":11}},{"start":{"line":105,"column":10},"end":{"line":140,"column":11}}],"line":105},"6":{"loc":{"start":{"line":116,"column":14},"end":{"line":132,"column":15}},"type":"if","locations":[{"start":{"line":116,"column":14},"end":{"line":132,"column":15}},{"start":{"line":116,"column":14},"end":{"line":132,"column":15}}],"line":116},"7":{"loc":{"start":{"line":159,"column":2},"end":{"line":170,"column":3}},"type":"if","locations":[{"start":{"line":159,"column":2},"end":{"line":170,"column":3}},{"start":{"line":159,"column":2},"end":{"line":170,"column":3}}],"line":159},"8":{"loc":{"start":{"line":203,"column":2},"end":{"line":217,"column":3}},"type":"if","locations":[{"start":{"line":203,"column":2},"end":{"line":217,"column":3}},{"start":{"line":203,"column":2},"end":{"line":217,"column":3}}],"line":203},"9":{"loc":{"start":{"line":204,"column":4},"end":{"line":210,"column":5}},"type":"if","locations":[{"start":{"line":204,"column":4},"end":{"line":210,"column":5}},{"start":{"line":204,"column":4},"end":{"line":210,"column":5}}],"line":204},"10":{"loc":{"start":{"line":211,"column":9},"end":{"line":217,"column":3}},"type":"if","locations":[{"start":{"line":211,"column":9},"end":{"line":217,"column":3}},{"start":{"line":211,"column":9},"end":{"line":217,"column":3}}],"line":211},"11":{"loc":{"start":{"line":212,"column":4},"end":{"line":216,"column":5}},"type":"if","locations":[{"start":{"line":212,"column":4},"end":{"line":216,"column":5}},{"start":{"line":212,"column":4},"end":{"line":216,"column":5}}],"line":212},"12":{"loc":{"start":{"line":220,"column":2},"end":{"line":250,"column":3}},"type":"if","locations":[{"start":{"line":220,"column":2},"end":{"line":250,"column":3}},{"start":{"line":220,"column":2},"end":{"line":250,"column":3}}],"line":220},"13":{"loc":{"start":{"line":233,"column":8},"end":{"line":242,"column":9}},"type":"if","locations":[{"start":{"line":233,"column":8},"end":{"line":242,"column":9}},{"start":{"line":233,"column":8},"end":{"line":242,"column":9}}],"line":233},"14":{"loc":{"start":{"line":267,"column":2},"end":{"line":306,"column":3}},"type":"if","locations":[{"start":{"line":267,"column":2},"end":{"line":306,"column":3}},{"start":{"line":267,"column":2},"end":{"line":306,"column":3}}],"line":267},"15":{"loc":{"start":{"line":268,"column":4},"end":{"line":299,"column":5}},"type":"if","locations":[{"start":{"line":268,"column":4},"end":{"line":299,"column":5}},{"start":{"line":268,"column":4},"end":{"line":299,"column":5}}],"line":268},"16":{"loc":{"start":{"line":271,"column":6},"end":{"line":292,"column":7}},"type":"if","locations":[{"start":{"line":271,"column":6},"end":{"line":292,"column":7}},{"start":{"line":271,"column":6},"end":{"line":292,"column":7}}],"line":271},"17":{"loc":{"start":{"line":277,"column":10},"end":{"line":286,"column":11}},"type":"if","locations":[{"start":{"line":277,"column":10},"end":{"line":286,"column":11}},{"start":{"line":277,"column":10},"end":{"line":286,"column":11}}],"line":277},"18":{"loc":{"start":{"line":325,"column":2},"end":{"line":334,"column":3}},"type":"if","locations":[{"start":{"line":325,"column":2},"end":{"line":334,"column":3}},{"start":{"line":325,"column":2},"end":{"line":334,"column":3}}],"line":325}},"s":{"0":1,"1":1,"2":1,"3":1,"4":1,"5":1,"6":1,"7":1,"8":1,"9":1,"10":1,"11":1,"12":1,"13":1,"14":1,"15":0,"16":1,"17":0,"18":1,"19":2,"20":2,"21":2,"22":2,"23":1,"24":1,"25":1,"26":1,"27":1,"28":0,"29":1,"30":1,"31":0,"32":1,"33":1,"34":1,"35":1,"36":1,"37":1,"38":1,"39":1,"40":1,"41":0,"42":0,"43":1,"44":1,"45":1,"46":1,"47":1,"48":1,"49":1,"50":1,"51":1,"52":1,"53":1,"54":0,"55":0,"56":0,"57":0,"58":0,"59":1,"60":0,"61":0,"62":0,"63":0,"64":0,"65":0,"66":0,"67":1,"68":0,"69":0,"70":0,"71":1,"72":0,"73":0,"74":0,"75":0,"76":0,"77":0,"78":0,"79":0,"80":0,"81":0,"82":0,"83":0,"84":0,"85":0,"86":0,"87":0,"88":0,"89":0,"90":0,"91":0,"92":0,"93":0,"94":0,"95":0,"96":1,"97":0,"98":1,"99":0,"100":0,"101":0,"102":0,"103":0,"104":0,"105":0,"106":0,"107":0,"108":0,"109":0,"110":0,"111":0,"112":0,"113":0,"114":0,"115":0,"116":0,"117":0,"118":1,"119":0,"120":0,"121":0,"122":0,"123":0,"124":0,"125":0,"126":0,"127":1,"128":0,"129":0,"130":0,"131":0,"132":0,"133":0,"134":0,"135":0,"136":0,"137":0,"138":0,"139":1,"140":0,"141":0,"142":0,"143":0,"144":0,"145":0,"146":0,"147":0,"148":0,"149":0,"150":1},"f":{"0":0,"1":0,"2":2,"3":0,"4":1,"5":1,"6":0,"7":0,"8":0,"9":0,"10":0,"11":0,"12":0,"13":0,"14":0,"15":0,"16":0,"17":0,"18":0,"19":0,"20":0},"b":{"0":[1,1],"1":[1,0],"2":[1,0],"3":[1,0],"4":[0,1],"5":[1,0],"6":[1,0],"7":[0,0],"8":[0,0],"9":[0,0],"10":[0,0],"11":[0,0],"12":[0,0],"13":[0,0],"14":[0,0],"15":[0,0],"16":[0,0],"17":[0,0],"18":[0,0]},"_coverageSchema":"1a1c01bbd47fc00a2c39e90264f33305004495a9","hash":"86a554b5bacabdeb4b2a80a4ac2ca8e6b11e0ff2"}
}
