TN:
SF:app.js
FN:61,(anonymous_0)
FN:66,(anonymous_1)
FN:79,(anonymous_2)
FN:80,(anonymous_3)
FNF:4
FNH:1
FNDA:0,(anonymous_0)
FNDA:0,(anonymous_1)
FNDA:1,(anonymous_2)
FNDA:0,(anonymous_3)
DA:1,1
DA:2,1
DA:3,1
DA:4,1
DA:5,1
DA:7,1
DA:8,1
DA:9,1
DA:10,1
DA:11,1
DA:12,1
DA:13,1
DA:14,1
DA:15,1
DA:16,1
DA:18,1
DA:20,1
DA:22,1
DA:33,1
DA:40,1
DA:42,1
DA:43,1
DA:44,1
DA:45,1
DA:46,1
DA:47,1
DA:48,1
DA:50,1
DA:51,1
DA:52,1
DA:53,1
DA:54,1
DA:55,1
DA:56,1
DA:57,1
DA:58,1
DA:59,1
DA:61,1
DA:62,0
DA:66,1
DA:68,0
DA:69,0
DA:72,0
DA:73,0
DA:76,1
DA:78,1
DA:79,1
DA:80,0
DA:82,1
LF:49
LH:43
BRDA:69,0,0,0
BRDA:69,0,1,0
BRDA:72,1,0,0
BRDA:72,1,1,0
BRF:4
BRH:0
end_of_record
TN:
SF:models/board.js
FN:22,(anonymous_0)
FN:29,(anonymous_1)
FN:34,(anonymous_2)
FN:35,(anonymous_3)
FN:40,(anonymous_4)
FN:44,(anonymous_5)
FN:59,(anonymous_6)
FN:65,(anonymous_7)
FNF:8
FNH:0
FNDA:0,(anonymous_0)
FNDA:0,(anonymous_1)
FNDA:0,(anonymous_2)
FNDA:0,(anonymous_3)
FNDA:0,(anonymous_4)
FNDA:0,(anonymous_5)
FNDA:0,(anonymous_6)
FNDA:0,(anonymous_7)
DA:1,1
DA:2,1
DA:3,1
DA:5,1
DA:22,1
DA:23,0
DA:25,0
DA:29,1
DA:30,0
DA:34,1
DA:35,0
DA:36,0
DA:40,1
DA:41,0
DA:44,1
DA:45,0
DA:59,1
DA:60,0
DA:65,1
DA:67,0
DA:73,1
LF:21
LH:12
BRF:0
BRH:0
end_of_record
TN:
SF:models/bookmark.js
FN:11,(anonymous_0)
FN:16,(anonymous_1)
FN:21,(anonymous_2)
FNF:3
FNH:0
FNDA:0,(anonymous_0)
FNDA:0,(anonymous_1)
FNDA:0,(anonymous_2)
DA:1,1
DA:2,1
DA:3,1
DA:5,1
DA:11,1
DA:12,0
DA:13,0
DA:16,1
DA:17,0
DA:21,1
DA:22,0
DA:25,1
LF:12
LH:8
BRF:0
BRH:0
end_of_record
TN:
SF:models/feedback.js
FN:16,(anonymous_0)
FN:22,(anonymous_1)
FN:26,(anonymous_2)
FN:31,(anonymous_3)
FN:36,(anonymous_4)
FN:48,(anonymous_5)
FN:52,(anonymous_6)
FN:56,(anonymous_7)
FNF:8
FNH:0
FNDA:0,(anonymous_0)
FNDA:0,(anonymous_1)
FNDA:0,(anonymous_2)
FNDA:0,(anonymous_3)
FNDA:0,(anonymous_4)
FNDA:0,(anonymous_5)
FNDA:0,(anonymous_6)
FNDA:0,(anonymous_7)
DA:1,1
DA:2,1
DA:3,1
DA:5,1
DA:16,1
DA:17,0
DA:18,0
DA:22,1
DA:23,0
DA:26,1
DA:27,0
DA:31,1
DA:32,0
DA:36,1
DA:37,0
DA:48,1
DA:49,0
DA:52,1
DA:53,0
DA:56,1
DA:57,0
DA:62,1
LF:22
LH:13
BRF:0
BRH:0
end_of_record
TN:
SF:models/follow.js
FN:10,(anonymous_0)
FN:15,(anonymous_1)
FN:23,(anonymous_2)
FN:28,(anonymous_3)
FN:32,(anonymous_4)
FNF:5
FNH:0
FNDA:0,(anonymous_0)
FNDA:0,(anonymous_1)
FNDA:0,(anonymous_2)
FNDA:0,(anonymous_3)
FNDA:0,(anonymous_4)
DA:1,1
DA:2,1
DA:3,1
DA:5,1
DA:10,1
DA:11,0
DA:12,0
DA:15,1
DA:16,0
DA:23,1
DA:24,0
DA:28,1
DA:29,0
DA:32,1
DA:33,0
DA:36,1
LF:16
LH:10
BRF:0
BRH:0
end_of_record
TN:
SF:models/like.js
FN:12,(anonymous_0)
FN:17,(anonymous_1)
FN:26,(anonymous_2)
FNF:3
FNH:0
FNDA:0,(anonymous_0)
FNDA:0,(anonymous_1)
FNDA:0,(anonymous_2)
DA:1,1
DA:2,1
DA:3,1
DA:5,1
DA:12,1
DA:13,0
DA:14,0
DA:17,1
DA:18,0
DA:26,1
DA:27,0
DA:30,1
LF:12
LH:8
BRF:0
BRH:0
end_of_record
TN:
SF:models/react.js
FN:12,(anonymous_0)
FN:17,(anonymous_1)
FN:21,(anonymous_2)
FNF:3
FNH:0
FNDA:0,(anonymous_0)
FNDA:0,(anonymous_1)
FNDA:0,(anonymous_2)
DA:1,1
DA:2,1
DA:3,1
DA:5,1
DA:12,1
DA:13,0
DA:14,0
DA:17,1
DA:18,0
DA:21,1
DA:22,0
DA:27,1
LF:12
LH:8
BRF:0
BRH:0
end_of_record
TN:
SF:models/reply.js
FN:16,(anonymous_0)
FN:22,(anonymous_1)
FN:27,(anonymous_2)
FN:31,(anonymous_3)
FN:36,(anonymous_4)
FN:48,(anonymous_5)
FN:53,(anonymous_6)
FN:57,(anonymous_7)
FN:61,(anonymous_8)
FNF:9
FNH:0
FNDA:0,(anonymous_0)
FNDA:0,(anonymous_1)
FNDA:0,(anonymous_2)
FNDA:0,(anonymous_3)
FNDA:0,(anonymous_4)
FNDA:0,(anonymous_5)
FNDA:0,(anonymous_6)
FNDA:0,(anonymous_7)
FNDA:0,(anonymous_8)
DA:1,1
DA:2,1
DA:3,1
DA:5,1
DA:16,1
DA:17,0
DA:18,0
DA:22,1
DA:23,0
DA:27,1
DA:28,0
DA:31,1
DA:32,0
DA:36,1
DA:37,0
DA:48,1
DA:49,0
DA:53,1
DA:54,0
DA:57,1
DA:58,0
DA:61,1
DA:62,0
DA:67,1
LF:24
LH:14
BRF:0
BRH:0
end_of_record
TN:
SF:models/users.js
FN:22,(anonymous_0)
FN:28,(anonymous_1)
FN:38,(anonymous_2)
FN:42,(anonymous_3)
FN:46,(anonymous_4)
FN:50,(anonymous_5)
FN:55,(anonymous_6)
FN:59,(anonymous_7)
FN:63,(anonymous_8)
FN:67,(anonymous_9)
FN:71,(anonymous_10)
FN:75,(anonymous_11)
FN:79,(anonymous_12)
FN:83,(anonymous_13)
FN:87,(anonymous_14)
FN:91,(anonymous_15)
FNF:16
FNH:4
FNDA:1,(anonymous_0)
FNDA:0,(anonymous_1)
FNDA:0,(anonymous_2)
FNDA:0,(anonymous_3)
FNDA:1,(anonymous_4)
FNDA:1,(anonymous_5)
FNDA:2,(anonymous_6)
FNDA:0,(anonymous_7)
FNDA:0,(anonymous_8)
FNDA:0,(anonymous_9)
FNDA:0,(anonymous_10)
FNDA:0,(anonymous_11)
FNDA:0,(anonymous_12)
FNDA:0,(anonymous_13)
FNDA:0,(anonymous_14)
FNDA:0,(anonymous_15)
DA:1,1
DA:2,1
DA:4,1
DA:6,1
DA:22,1
DA:23,1
DA:25,1
DA:28,1
DA:29,0
DA:31,0
DA:32,0
DA:34,0
DA:38,1
DA:39,0
DA:42,1
DA:43,0
DA:46,1
DA:47,1
DA:50,1
DA:52,1
DA:55,1
DA:56,2
DA:59,1
DA:60,0
DA:63,1
DA:64,0
DA:67,1
DA:68,0
DA:71,1
DA:72,0
DA:75,1
DA:76,0
DA:79,1
DA:80,0
DA:83,1
DA:84,0
DA:87,1
DA:88,0
DA:91,1
DA:92,0
DA:95,1
LF:41
LH:26
BRDA:31,0,0,0
BRDA:31,0,1,0
BRF:2
BRH:0
end_of_record
TN:
SF:routes/authorization.js
FN:9,(anonymous_0)
FN:39,(anonymous_1)
FN:45,(anonymous_2)
FN:57,(anonymous_3)
FN:69,(anonymous_4)
FN:103,(anonymous_5)
FN:108,(anonymous_6)
FN:125,(anonymous_7)
FNF:8
FNH:0
FNDA:0,(anonymous_0)
FNDA:0,(anonymous_1)
FNDA:0,(anonymous_2)
FNDA:0,(anonymous_3)
FNDA:0,(anonymous_4)
FNDA:0,(anonymous_5)
FNDA:0,(anonymous_6)
FNDA:0,(anonymous_7)
DA:1,1
DA:2,1
DA:3,1
DA:4,1
DA:5,1
DA:6,1
DA:7,1
DA:9,1
DA:10,0
DA:11,0
DA:12,0
DA:13,0
DA:14,0
DA:15,0
DA:16,0
DA:18,0
DA:24,0
DA:30,0
DA:39,1
DA:40,0
DA:41,0
DA:43,0
DA:44,0
DA:45,0
DA:46,0
DA:47,0
DA:51,0
DA:53,0
DA:55,0
DA:56,0
DA:57,0
DA:58,0
DA:59,0
DA:63,0
DA:65,0
DA:67,0
DA:68,0
DA:69,0
DA:70,0
DA:71,0
DA:75,0
DA:77,0
DA:80,0
DA:83,0
DA:86,0
DA:87,0
DA:88,0
DA:90,0
DA:96,0
DA:103,1
DA:104,0
DA:105,0
DA:106,0
DA:107,0
DA:108,0
DA:109,0
DA:110,0
DA:114,0
DA:115,0
DA:116,0
DA:118,0
DA:119,0
DA:122,0
DA:123,0
DA:124,0
DA:125,0
DA:126,0
DA:127,0
DA:131,0
DA:132,0
DA:133,0
DA:135,0
DA:143,1
LF:73
LH:11
BRDA:13,0,0,0
BRDA:13,0,1,0
BRDA:14,1,0,0
BRDA:14,1,1,0
BRDA:43,2,0,0
BRDA:43,2,1,0
BRDA:46,3,0,0
BRDA:46,3,1,0
BRDA:55,4,0,0
BRDA:55,4,1,0
BRDA:58,5,0,0
BRDA:58,5,1,0
BRDA:67,6,0,0
BRDA:67,6,1,0
BRDA:70,7,0,0
BRDA:70,7,1,0
BRDA:86,8,0,0
BRDA:86,8,1,0
BRDA:105,9,0,0
BRDA:105,9,1,0
BRDA:109,10,0,0
BRDA:109,10,1,0
BRDA:114,11,0,0
BRDA:114,11,1,0
BRDA:122,12,0,0
BRDA:122,12,1,0
BRDA:126,13,0,0
BRDA:126,13,1,0
BRDA:131,14,0,0
BRDA:131,14,1,0
BRF:30
BRH:0
end_of_record
TN:
SF:routes/board.js
FN:10,(anonymous_0)
FN:16,(anonymous_1)
FN:51,(anonymous_2)
FN:82,(anonymous_3)
FN:84,(anonymous_4)
FN:107,(anonymous_5)
FN:123,(anonymous_6)
FN:139,(anonymous_7)
FN:214,(anonymous_8)
FNF:9
FNH:0
FNDA:0,(anonymous_0)
FNDA:0,(anonymous_1)
FNDA:0,(anonymous_2)
FNDA:0,(anonymous_3)
FNDA:0,(anonymous_4)
FNDA:0,(anonymous_5)
FNDA:0,(anonymous_6)
FNDA:0,(anonymous_7)
FNDA:0,(anonymous_8)
DA:1,1
DA:2,1
DA:3,1
DA:4,1
DA:5,1
DA:6,1
DA:7,1
DA:8,1
DA:10,1
DA:11,0
DA:16,1
DA:17,0
DA:18,0
DA:19,0
DA:20,0
DA:21,0
DA:22,0
DA:24,0
DA:25,0
DA:26,0
DA:27,0
DA:37,0
DA:38,0
DA:39,0
DA:45,0
DA:51,1
DA:52,0
DA:53,0
DA:54,0
DA:58,0
DA:59,0
DA:60,0
DA:61,0
DA:62,0
DA:74,0
DA:82,1
DA:83,0
DA:84,0
DA:85,0
DA:86,0
DA:91,0
DA:93,0
DA:94,0
DA:97,0
DA:99,0
DA:107,1
DA:108,0
DA:109,0
DA:112,0
DA:118,1
DA:124,0
DA:125,0
DA:126,0
DA:128,0
DA:139,0
DA:140,0
DA:141,0
DA:146,0
DA:147,0
DA:214,1
DA:215,0
DA:216,0
DA:217,0
DA:218,0
DA:219,0
DA:227,0
DA:228,0
DA:233,0
DA:240,1
LF:69
LH:16
BRDA:38,0,0,0
BRDA:38,0,1,0
BRDA:85,1,0,0
BRDA:85,1,1,0
BRDA:93,2,0,0
BRDA:93,2,1,0
BRDA:140,3,0,0
BRDA:140,3,1,0
BRDA:227,4,0,0
BRDA:227,4,1,0
BRF:10
BRH:0
end_of_record
TN:
SF:routes/bookmark.js
FN:14,(anonymous_0)
FN:28,(anonymous_1)
FN:52,(anonymous_2)
FNF:3
FNH:0
FNDA:0,(anonymous_0)
FNDA:0,(anonymous_1)
FNDA:0,(anonymous_2)
DA:6,1
DA:14,1
DA:15,0
DA:17,0
DA:18,0
DA:19,0
DA:21,0
DA:22,0
DA:28,1
DA:29,0
DA:34,0
DA:40,0
DA:41,0
DA:42,0
DA:43,0
DA:45,0
DA:46,0
DA:52,1
DA:53,0
DA:54,0
DA:56,0
DA:57,0
DA:58,0
DA:59,0
DA:61,0
DA:62,0
DA:68,1
LF:27
LH:5
BRF:0
BRH:0
end_of_record
TN:
SF:routes/feedback.js
FN:14,(anonymous_0)
FN:21,(anonymous_1)
FN:52,(anonymous_2)
FN:58,(anonymous_3)
FN:90,(anonymous_4)
FN:93,(anonymous_5)
FNF:6
FNH:0
FNDA:0,(anonymous_0)
FNDA:0,(anonymous_1)
FNDA:0,(anonymous_2)
FNDA:0,(anonymous_3)
FNDA:0,(anonymous_4)
FNDA:0,(anonymous_5)
DA:2,1
DA:14,1
DA:15,0
DA:21,0
DA:22,0
DA:23,0
DA:24,0
DA:27,0
DA:29,0
DA:30,0
DA:52,1
DA:53,0
DA:58,0
DA:59,0
DA:60,0
DA:61,0
DA:64,0
DA:66,0
DA:67,0
DA:68,0
DA:69,0
DA:70,0
DA:71,0
DA:74,0
DA:75,0
DA:79,0
DA:81,0
DA:84,0
DA:90,1
DA:91,0
DA:93,0
DA:94,0
DA:95,0
DA:96,0
DA:97,0
DA:99,0
DA:103,0
DA:107,0
DA:108,0
DA:109,0
DA:110,0
DA:111,0
DA:114,0
DA:115,0
DA:119,0
DA:120,0
DA:121,0
DA:125,0
DA:129,1
LF:49
LH:5
BRDA:22,0,0,0
BRDA:22,0,1,0
BRDA:59,1,0,0
BRDA:59,1,1,0
BRDA:67,2,0,0
BRDA:67,2,1,0
BRDA:68,3,0,0
BRDA:68,3,1,0
BRDA:68,4,0,0
BRDA:68,4,1,0
BRDA:70,5,0,0
BRDA:70,5,1,0
BRDA:70,6,0,0
BRDA:70,6,1,0
BRDA:74,7,0,0
BRDA:74,7,1,0
BRDA:94,8,0,0
BRDA:94,8,1,0
BRDA:96,9,0,0
BRDA:96,9,1,0
BRDA:107,10,0,0
BRDA:107,10,1,0
BRDA:108,11,0,0
BRDA:108,11,1,0
BRDA:108,12,0,0
BRDA:108,12,1,0
BRDA:110,13,0,0
BRDA:110,13,1,0
BRDA:110,14,0,0
BRDA:110,14,1,0
BRDA:114,15,0,0
BRDA:114,15,1,0
BRDA:120,16,0,0
BRDA:120,16,1,0
BRF:34
BRH:0
end_of_record
TN:
SF:routes/follow.js
FN:9,(anonymous_0)
FN:15,(anonymous_1)
FN:22,(anonymous_2)
FN:31,(anonymous_3)
FN:38,(anonymous_4)
FNF:5
FNH:0
FNDA:0,(anonymous_0)
FNDA:0,(anonymous_1)
FNDA:0,(anonymous_2)
FNDA:0,(anonymous_3)
FNDA:0,(anonymous_4)
DA:2,1
DA:9,1
DA:10,0
DA:15,1
DA:16,0
DA:22,0
DA:23,0
DA:24,0
DA:25,0
DA:27,0
DA:31,1
DA:32,0
DA:38,0
DA:39,0
DA:40,0
DA:41,0
DA:43,0
DA:47,1
LF:18
LH:5
BRDA:23,0,0,0
BRDA:23,0,1,0
BRDA:39,1,0,0
BRDA:39,1,1,0
BRF:4
BRH:0
end_of_record
TN:
SF:routes/index.js
FN:13,(anonymous_0)
FN:21,(anonymous_1)
FN:27,(anonymous_2)
FN:36,(anonymous_3)
FN:42,(anonymous_4)
FN:52,(anonymous_5)
FN:58,(anonymous_6)
FN:68,(anonymous_7)
FN:69,(anonymous_8)
FNF:9
FNH:1
FNDA:1,(anonymous_0)
FNDA:0,(anonymous_1)
FNDA:0,(anonymous_2)
FNDA:0,(anonymous_3)
FNDA:0,(anonymous_4)
FNDA:0,(anonymous_5)
FNDA:0,(anonymous_6)
FNDA:0,(anonymous_7)
FNDA:0,(anonymous_8)
DA:1,1
DA:2,1
DA:4,1
DA:5,1
DA:6,1
DA:7,1
DA:8,1
DA:9,1
DA:13,1
DA:14,1
DA:21,1
DA:22,0
DA:27,0
DA:28,0
DA:29,0
DA:31,0
DA:32,0
DA:36,1
DA:37,0
DA:42,0
DA:43,0
DA:44,0
DA:46,0
DA:47,0
DA:52,1
DA:53,0
DA:58,0
DA:59,0
DA:60,0
DA:61,0
DA:63,0
DA:68,1
DA:69,0
DA:70,0
DA:71,0
DA:72,0
DA:74,0
DA:79,1
LF:38
LH:15
BRDA:28,0,0,0
BRDA:28,0,1,0
BRDA:43,1,0,0
BRDA:43,1,1,0
BRDA:59,2,0,0
BRDA:59,2,1,0
BRDA:70,3,0,0
BRDA:70,3,1,0
BRF:8
BRH:0
end_of_record
TN:
SF:routes/like.js
FN:18,(anonymous_0)
FN:44,(anonymous_1)
FN:66,(anonymous_2)
FN:72,(anonymous_3)
FN:75,(anonymous_4)
FN:85,(anonymous_5)
FN:94,(anonymous_6)
FN:107,(anonymous_7)
FN:111,(anonymous_8)
FNF:9
FNH:0
FNDA:0,(anonymous_0)
FNDA:0,(anonymous_1)
FNDA:0,(anonymous_2)
FNDA:0,(anonymous_3)
FNDA:0,(anonymous_4)
FNDA:0,(anonymous_5)
FNDA:0,(anonymous_6)
FNDA:0,(anonymous_7)
FNDA:0,(anonymous_8)
DA:2,1
DA:5,1
DA:6,1
DA:7,1
DA:8,1
DA:9,1
DA:10,1
DA:18,1
DA:19,0
DA:25,0
DA:26,0
DA:27,0
DA:28,0
DA:33,0
DA:35,0
DA:37,0
DA:38,0
DA:44,1
DA:45,0
DA:51,0
DA:52,0
DA:53,0
DA:54,0
DA:55,0
DA:57,0
DA:59,0
DA:61,0
DA:62,0
DA:66,1
DA:67,0
DA:68,0
DA:70,0
DA:73,0
DA:74,0
DA:75,0
DA:76,0
DA:77,0
DA:78,0
DA:79,0
DA:81,0
DA:84,0
DA:85,0
DA:86,0
DA:87,0
DA:88,0
DA:89,0
DA:91,0
DA:93,0
DA:94,0
DA:95,0
DA:96,0
DA:97,0
DA:98,0
DA:100,0
DA:101,0
DA:105,0
DA:108,0
DA:109,0
DA:112,0
DA:113,0
DA:117,1
LF:61
LH:11
BRDA:27,0,0,0
BRDA:27,0,1,0
BRDA:53,1,0,0
BRDA:53,1,1,0
BRDA:74,2,0,0
BRDA:74,2,1,0
BRDA:76,3,0,0
BRDA:76,3,1,0
BRDA:84,4,0,0
BRDA:84,4,1,0
BRDA:86,5,0,0
BRDA:86,5,1,0
BRDA:93,6,0,0
BRDA:93,6,1,0
BRDA:95,7,0,0
BRDA:95,7,1,0
BRF:16
BRH:0
end_of_record
TN:
SF:routes/mailer.js
FNF:0
FNH:0
DA:1,1
DA:2,1
DA:4,1
DA:13,1
LF:4
LH:4
BRF:0
BRH:0
end_of_record
TN:
SF:routes/multer.js
FN:21,(anonymous_0)
FN:24,(anonymous_1)
FNF:2
FNH:0
FNDA:0,(anonymous_0)
FNDA:0,(anonymous_1)
DA:1,1
DA:2,1
DA:3,1
DA:4,1
DA:5,1
DA:6,1
DA:7,1
DA:8,1
DA:10,1
DA:16,1
DA:22,0
DA:25,0
DA:26,0
DA:27,0
DA:28,0
DA:32,1
LF:16
LH:11
BRF:0
BRH:0
end_of_record
TN:
SF:routes/react.js
FN:13,(anonymous_0)
FNF:1
FNH:0
FNDA:0,(anonymous_0)
DA:4,1
DA:13,1
DA:14,0
DA:15,0
DA:17,0
DA:18,0
DA:19,0
DA:20,0
DA:22,0
DA:29,0
DA:31,0
DA:33,0
DA:34,0
DA:38,1
LF:14
LH:3
BRDA:24,0,0,0
BRDA:24,0,1,0
BRF:2
BRH:0
end_of_record
TN:
SF:routes/reply.js
FN:15,(anonymous_0)
FN:23,(anonymous_1)
FN:39,(anonymous_2)
FN:41,(anonymous_3)
FN:73,(anonymous_4)
FN:79,(anonymous_5)
FN:111,(anonymous_6)
FN:114,(anonymous_7)
FN:153,(anonymous_8)
FN:156,(anonymous_9)
FNF:10
FNH:0
FNDA:0,(anonymous_0)
FNDA:0,(anonymous_1)
FNDA:0,(anonymous_2)
FNDA:0,(anonymous_3)
FNDA:0,(anonymous_4)
FNDA:0,(anonymous_5)
FNDA:0,(anonymous_6)
FNDA:0,(anonymous_7)
FNDA:0,(anonymous_8)
FNDA:0,(anonymous_9)
DA:2,1
DA:15,1
DA:16,0
DA:23,0
DA:24,0
DA:25,0
DA:26,0
DA:27,0
DA:30,0
DA:32,0
DA:33,0
DA:39,1
DA:40,0
DA:41,0
DA:42,0
DA:43,0
DA:44,0
DA:47,0
DA:49,0
DA:73,1
DA:74,0
DA:79,0
DA:80,0
DA:81,0
DA:82,0
DA:85,0
DA:87,0
DA:88,0
DA:89,0
DA:90,0
DA:91,0
DA:92,0
DA:95,0
DA:96,0
DA:100,0
DA:102,0
DA:105,0
DA:111,1
DA:112,0
DA:114,0
DA:115,0
DA:116,0
DA:117,0
DA:118,0
DA:120,0
DA:124,0
DA:126,0
DA:128,0
DA:129,0
DA:130,0
DA:131,0
DA:132,0
DA:135,0
DA:136,0
DA:140,0
DA:141,0
DA:142,0
DA:146,0
DA:150,1
DA:154,0
DA:156,0
DA:157,0
DA:158,0
DA:159,0
DA:160,0
DA:162,0
DA:166,0
DA:169,0
DA:170,0
DA:171,0
DA:172,0
DA:173,0
DA:176,0
DA:177,0
DA:181,0
DA:182,0
DA:183,0
DA:187,0
DA:194,1
LF:79
LH:7
BRDA:25,0,0,0
BRDA:25,0,1,0
BRDA:42,1,0,0
BRDA:42,1,1,0
BRDA:80,2,0,0
BRDA:80,2,1,0
BRDA:88,3,0,0
BRDA:88,3,1,0
BRDA:89,4,0,0
BRDA:89,4,1,0
BRDA:89,5,0,0
BRDA:89,5,1,0
BRDA:91,6,0,0
BRDA:91,6,1,0
BRDA:91,7,0,0
BRDA:91,7,1,0
BRDA:95,8,0,0
BRDA:95,8,1,0
BRDA:115,9,0,0
BRDA:115,9,1,0
BRDA:117,10,0,0
BRDA:117,10,1,0
BRDA:128,11,0,0
BRDA:128,11,1,0
BRDA:129,12,0,0
BRDA:129,12,1,0
BRDA:129,13,0,0
BRDA:129,13,1,0
BRDA:131,14,0,0
BRDA:131,14,1,0
BRDA:131,15,0,0
BRDA:131,15,1,0
BRDA:135,16,0,0
BRDA:135,16,1,0
BRDA:141,17,0,0
BRDA:141,17,1,0
BRDA:157,18,0,0
BRDA:157,18,1,0
BRDA:159,19,0,0
BRDA:159,19,1,0
BRDA:169,20,0,0
BRDA:169,20,1,0
BRDA:170,21,0,0
BRDA:170,21,1,0
BRDA:170,22,0,0
BRDA:170,22,1,0
BRDA:172,23,0,0
BRDA:172,23,1,0
BRDA:172,24,0,0
BRDA:172,24,1,0
BRDA:176,25,0,0
BRDA:176,25,1,0
BRDA:182,26,0,0
BRDA:182,26,1,0
BRF:54
BRH:0
end_of_record
TN:
SF:routes/users.js
FN:17,(anonymous_0)
FN:24,(anonymous_1)
FN:28,(anonymous_2)
FN:69,(anonymous_3)
FN:76,(anonymous_4)
FN:115,(anonymous_5)
FN:155,(anonymous_6)
FN:173,(anonymous_7)
FN:190,(anonymous_8)
FN:232,(anonymous_9)
FN:253,(anonymous_10)
FN:261,(anonymous_11)
FN:309,(anonymous_12)
FN:337,(anonymous_13)
FN:343,(anonymous_14)
FN:355,(anonymous_15)
FN:358,(anonymous_16)
FN:364,(anonymous_17)
FN:370,(anonymous_18)
FN:381,(anonymous_19)
FN:384,(anonymous_20)
FNF:21
FNH:3
FNDA:0,(anonymous_0)
FNDA:0,(anonymous_1)
FNDA:2,(anonymous_2)
FNDA:0,(anonymous_3)
FNDA:1,(anonymous_4)
FNDA:1,(anonymous_5)
FNDA:0,(anonymous_6)
FNDA:0,(anonymous_7)
FNDA:0,(anonymous_8)
FNDA:0,(anonymous_9)
FNDA:0,(anonymous_10)
FNDA:0,(anonymous_11)
FNDA:0,(anonymous_12)
FNDA:0,(anonymous_13)
FNDA:0,(anonymous_14)
FNDA:0,(anonymous_15)
FNDA:0,(anonymous_16)
FNDA:0,(anonymous_17)
FNDA:0,(anonymous_18)
FNDA:0,(anonymous_19)
FNDA:0,(anonymous_20)
DA:1,1
DA:2,1
DA:3,1
DA:4,1
DA:5,1
DA:6,1
DA:7,1
DA:8,1
DA:9,1
DA:10,1
DA:11,1
DA:12,1
DA:13,1
DA:14,1
DA:17,1
DA:18,0
DA:24,1
DA:25,0
DA:28,1
DA:29,2
DA:30,2
DA:32,2
DA:33,2
DA:34,1
DA:36,1
DA:37,1
DA:38,1
DA:47,1
DA:55,0
DA:62,1
DA:69,1
DA:70,0
DA:76,1
DA:77,1
DA:78,1
DA:79,1
DA:80,1
DA:81,1
DA:83,1
DA:84,1
DA:86,1
DA:87,0
DA:91,0
DA:93,1
DA:94,1
DA:95,1
DA:96,1
DA:97,1
DA:105,1
DA:106,1
DA:115,1
DA:116,1
DA:117,1
DA:118,1
DA:123,0
DA:124,0
DA:136,0
DA:142,0
DA:148,0
DA:155,1
DA:156,0
DA:157,0
DA:158,0
DA:159,0
DA:160,0
DA:161,0
DA:166,0
DA:173,1
DA:174,0
DA:175,0
DA:176,0
DA:190,1
DA:195,0
DA:196,0
DA:197,0
DA:198,0
DA:199,0
DA:200,0
DA:203,0
DA:204,0
DA:205,0
DA:206,0
DA:208,0
DA:209,0
DA:211,0
DA:212,0
DA:213,0
DA:215,0
DA:218,0
DA:219,0
DA:220,0
DA:221,0
DA:233,0
DA:234,0
DA:239,0
DA:246,0
DA:253,1
DA:255,0
DA:261,1
DA:263,0
DA:264,0
DA:265,0
DA:266,0
DA:267,0
DA:268,0
DA:269,0
DA:271,0
DA:272,0
DA:273,0
DA:274,0
DA:275,0
DA:276,0
DA:277,0
DA:278,0
DA:282,0
DA:288,0
DA:295,0
DA:302,0
DA:309,1
DA:311,0
DA:312,0
DA:314,0
DA:316,0
DA:324,0
DA:325,0
DA:326,0
DA:330,0
DA:337,1
DA:338,0
DA:339,0
DA:341,0
DA:345,0
DA:346,0
DA:347,0
DA:351,0
DA:353,0
DA:356,0
DA:359,0
DA:360,0
DA:364,1
DA:365,0
DA:366,0
DA:368,0
DA:372,0
DA:373,0
DA:377,0
DA:379,0
DA:382,0
DA:385,0
DA:386,0
DA:390,1
LF:151
LH:57
BRDA:33,0,0,1
BRDA:33,0,1,1
BRDA:37,1,0,1
BRDA:37,1,1,0
BRDA:83,2,0,1
BRDA:83,2,1,0
BRDA:84,3,0,1
BRDA:84,3,1,0
BRDA:86,4,0,0
BRDA:86,4,1,1
BRDA:105,5,0,1
BRDA:105,5,1,0
BRDA:116,6,0,1
BRDA:116,6,1,0
BRDA:159,7,0,0
BRDA:159,7,1,0
BRDA:203,8,0,0
BRDA:203,8,1,0
BRDA:204,9,0,0
BRDA:204,9,1,0
BRDA:211,10,0,0
BRDA:211,10,1,0
BRDA:212,11,0,0
BRDA:212,11,1,0
BRDA:220,12,0,0
BRDA:220,12,1,0
BRDA:233,13,0,0
BRDA:233,13,1,0
BRDA:267,14,0,0
BRDA:267,14,1,0
BRDA:268,15,0,0
BRDA:268,15,1,0
BRDA:271,16,0,0
BRDA:271,16,1,0
BRDA:277,17,0,0
BRDA:277,17,1,0
BRDA:325,18,0,0
BRDA:325,18,1,0
BRF:38
BRH:8
end_of_record
